#
# There is insufficient memory for the Java Runtime Environment to continue.
# Native memory allocation (malloc) failed to allocate 1053136 bytes for Chunk::new
# Possible reasons:
#   The system is out of physical RAM or swap space
#   In 32 bit mode, the process size limit was hit
# Possible solutions:
#   Reduce memory load on the system
#   Increase physical memory or swap space
#   Check if swap backing store is full
#   Use 64 bit Java on a 64 bit OS
#   Decrease Java heap size (-Xmx/-Xms)
#   Decrease number of Java threads
#   Decrease Java thread stack sizes (-Xss)
#   Set larger code cache with -XX:ReservedCodeCacheSize=
# This output file may be truncated or incomplete.
#
#  Out of Memory Error (allocation.cpp:390), pid=49288, tid=0x000000000000c1b8
#
# JRE version: Java(TM) SE Runtime Environment (8.0_121-b13) (build 1.8.0_121-b13)
# Java VM: Java HotSpot(TM) 64-Bit Server VM (25.121-b13 mixed mode windows-amd64 compressed oops)
# Failed to write core dump. Minidumps are not enabled by default on client versions of Windows
#

---------------  T H R E A D  ---------------

Current thread (0x0000000019894800):  JavaThread "C2 CompilerThread1" daemon [_thread_in_native, id=49592, stack(0x000000001a0d0000,0x000000001a1d0000)]

Stack: [0x000000001a0d0000,0x000000001a1d0000]
[error occurred during error reporting (printing stack bounds), id 0xc0000005]

Native frames: (J=compiled Java code, j=interpreted, Vv=VM code, C=native code)


Current CompileTask:
C2:   3273 2129       4       org.eclipse.sisu.plexus.RealmFilteredBeans$FilteredItr::hasNext (81 bytes)


---------------  P R O C E S S  ---------------

Java Threads: ( => current thread )
  0x00000000198bd000 JavaThread "Service Thread" daemon [_thread_blocked, id=49604, stack(0x000000001a3d0000,0x000000001a4d0000)]
  0x000000001989f800 JavaThread "C1 CompilerThread3" daemon [_thread_blocked, id=49600, stack(0x000000001a2d0000,0x000000001a3d0000)]
  0x0000000019898800 JavaThread "C2 CompilerThread2" daemon [_thread_in_native, id=49596, stack(0x000000001a1d0000,0x000000001a2d0000)]
=>0x0000000019894800 JavaThread "C2 CompilerThread1" daemon [_thread_in_native, id=49592, stack(0x000000001a0d0000,0x000000001a1d0000)]
  0x0000000019890000 JavaThread "C2 CompilerThread0" daemon [_thread_in_native, id=49588, stack(0x0000000019fd0000,0x000000001a0d0000)]
  0x0000000019879000 JavaThread "Monitor Ctrl-Break" daemon [_thread_in_native, id=49584, stack(0x0000000019ed0000,0x0000000019fd0000)]
  0x0000000019806800 JavaThread "Attach Listener" daemon [_thread_blocked, id=49556, stack(0x0000000019dd0000,0x0000000019ed0000)]
  0x0000000019863800 JavaThread "Signal Dispatcher" daemon [_thread_blocked, id=49552, stack(0x0000000019cd0000,0x0000000019dd0000)]
  0x00000000029c9000 JavaThread "Finalizer" daemon [_thread_blocked, id=49500, stack(0x0000000019bd0000,0x0000000019cd0000)]
  0x00000000029c8000 JavaThread "Reference Handler" daemon [_thread_blocked, id=49496, stack(0x00000000196d0000,0x00000000197d0000)]
  0x00000000028d3000 JavaThread "main" [_thread_in_Java, id=49408, stack(0x0000000002610000,0x0000000002710000)]

Other Threads:
  0x00000000178c9000 VMThread [stack: 0x00000000195d0000,0x00000000196d0000] [id=49492]
  0x000000001996f800 WatcherThread [stack: 0x000000001a4d0000,0x000000001a5d0000] [id=49620]

VM state:not at safepoint (normal execution)

VM Mutex/Monitor currently owned by a thread: None

Heap:
 PSYoungGen      total 70656K, used 15645K [0x00000000d6200000, 0x00000000dac00000, 0x0000000100000000)
  eden space 65536K, 16% used [0x00000000d6200000,0x00000000d6c4b5c0,0x00000000da200000)
  from space 5120K, 99% used [0x00000000da700000,0x00000000dabfc040,0x00000000dac00000)
  to   space 5120K, 0% used [0x00000000da200000,0x00000000da200000,0x00000000da700000)
 ParOldGen       total 86016K, used 9682K [0x0000000082600000, 0x0000000087a00000, 0x00000000d6200000)
  object space 86016K, 11% used [0x0000000082600000,0x0000000082f74bb0,0x0000000087a00000)
 Metaspace       used 16027K, capacity 16392K, committed 16640K, reserved 1064960K
  class space    used 1921K, capacity 2011K, committed 2048K, reserved 1048576K

Card table byte_map: [0x0000000011d90000,0x0000000012180000] byte_map_base: 0x000000001197d000

Marking Bits: (ParMarkBitMap*) 0x0000000054f4b6d0
 Begin Bits: [0x0000000012c20000, 0x0000000014b88000)
 End Bits:   [0x0000000014b88000, 0x0000000016af0000)

Polling page: 0x0000000000b30000

CodeCache: size=245760Kb used=8003Kb max_used=8006Kb free=237756Kb
 bounds [0x00000000029d0000, 0x00000000031b0000, 0x00000000119d0000]
 total_blobs=2658 nmethods=2287 adapters=283
 compilation: enabled

Compilation events (10 events):
Event: 3.264 Thread 0x0000000019898800 2293       4       org.apache.maven.model.io.xpp3.MavenXpp3Reader::checkFieldWithDuplicate (75 bytes)
Event: 3.267 Thread 0x000000001989f800 2294       3       org.apache.maven.model.BuildBase::getTestResources (23 bytes)
Event: 3.267 Thread 0x000000001989f800 nmethod 2294 0x00000000031a5850 code [0x00000000031a59c0, 0x00000000031a5d50]
Event: 3.267 Thread 0x000000001989f800 2296       1       org.apache.maven.model.Repository::getSnapshots (5 bytes)
Event: 3.268 Thread 0x000000001989f800 nmethod 2296 0x00000000031a5590 code [0x00000000031a56e0, 0x00000000031a57f0]
Event: 3.268 Thread 0x000000001989f800 2297       1       org.apache.maven.model.Repository::getReleases (5 bytes)
Event: 3.268 Thread 0x000000001989f800 nmethod 2297 0x00000000031a52d0 code [0x00000000031a5420, 0x00000000031a5530]
Event: 3.268 Thread 0x0000000019898800 nmethod 2293 0x00000000031a34d0 code [0x00000000031a3640, 0x00000000031a3a68]
Event: 3.268 Thread 0x0000000019898800 2295   !   4       org.codehaus.plexus.interpolation.StringSearchInterpolator::interpolate (650 bytes)
Event: 3.269 Thread 0x000000001989f800 2298   !   3       java.util.Formatter::format (271 bytes)

GC Heap History (8 events):
Event: 1.640 GC heap before
{Heap before GC invocations=1 (full 0):
 PSYoungGen      total 37888K, used 32768K [0x00000000d6200000, 0x00000000d8c00000, 0x0000000100000000)
  eden space 32768K, 100% used [0x00000000d6200000,0x00000000d8200000,0x00000000d8200000)
  from space 5120K, 0% used [0x00000000d8700000,0x00000000d8700000,0x00000000d8c00000)
  to   space 5120K, 0% used [0x00000000d8200000,0x00000000d8200000,0x00000000d8700000)
 ParOldGen       total 86016K, used 0K [0x0000000082600000, 0x0000000087a00000, 0x00000000d6200000)
  object space 86016K, 0% used [0x0000000082600000,0x0000000082600000,0x0000000087a00000)
 Metaspace       used 8965K, capacity 9096K, committed 9344K, reserved 1056768K
  class space    used 1080K, capacity 1116K, committed 1152K, reserved 1048576K
Event: 1.646 GC heap after
Heap after GC invocations=1 (full 0):
 PSYoungGen      total 37888K, used 5097K [0x00000000d6200000, 0x00000000d8c00000, 0x0000000100000000)
  eden space 32768K, 0% used [0x00000000d6200000,0x00000000d6200000,0x00000000d8200000)
  from space 5120K, 99% used [0x00000000d8200000,0x00000000d86fa4c0,0x00000000d8700000)
  to   space 5120K, 0% used [0x00000000d8700000,0x00000000d8700000,0x00000000d8c00000)
 ParOldGen       total 86016K, used 486K [0x0000000082600000, 0x0000000087a00000, 0x00000000d6200000)
  object space 86016K, 0% used [0x0000000082600000,0x0000000082679b00,0x0000000087a00000)
 Metaspace       used 8965K, capacity 9096K, committed 9344K, reserved 1056768K
  class space    used 1080K, capacity 1116K, committed 1152K, reserved 1048576K
}
Event: 2.016 GC heap before
{Heap before GC invocations=2 (full 0):
 PSYoungGen      total 37888K, used 37865K [0x00000000d6200000, 0x00000000d8c00000, 0x0000000100000000)
  eden space 32768K, 100% used [0x00000000d6200000,0x00000000d8200000,0x00000000d8200000)
  from space 5120K, 99% used [0x00000000d8200000,0x00000000d86fa4c0,0x00000000d8700000)
  to   space 5120K, 0% used [0x00000000d8700000,0x00000000d8700000,0x00000000d8c00000)
 ParOldGen       total 86016K, used 486K [0x0000000082600000, 0x0000000087a00000, 0x00000000d6200000)
  object space 86016K, 0% used [0x0000000082600000,0x0000000082679b00,0x0000000087a00000)
 Metaspace       used 11928K, capacity 12180K, committed 12416K, reserved 1060864K
  class space    used 1466K, capacity 1545K, committed 1664K, reserved 1048576K
Event: 2.023 GC heap after
Heap after GC invocations=2 (full 0):
 PSYoungGen      total 37888K, used 5104K [0x00000000d6200000, 0x00000000dac00000, 0x0000000100000000)
  eden space 32768K, 0% used [0x00000000d6200000,0x00000000d6200000,0x00000000d8200000)
  from space 5120K, 99% used [0x00000000d8700000,0x00000000d8bfc0e0,0x00000000d8c00000)
  to   space 5120K, 0% used [0x00000000d8200000,0x00000000d8200000,0x00000000d8700000)
 ParOldGen       total 86016K, used 2183K [0x0000000082600000, 0x0000000087a00000, 0x00000000d6200000)
  object space 86016K, 2% used [0x0000000082600000,0x0000000082821e10,0x0000000087a00000)
 Metaspace       used 11928K, capacity 12180K, committed 12416K, reserved 1060864K
  class space    used 1466K, capacity 1545K, committed 1664K, reserved 1048576K
}
Event: 2.684 GC heap before
{Heap before GC invocations=3 (full 0):
 PSYoungGen      total 37888K, used 37872K [0x00000000d6200000, 0x00000000dac00000, 0x0000000100000000)
  eden space 32768K, 100% used [0x00000000d6200000,0x00000000d8200000,0x00000000d8200000)
  from space 5120K, 99% used [0x00000000d8700000,0x00000000d8bfc0e0,0x00000000d8c00000)
  to   space 5120K, 0% used [0x00000000d8200000,0x00000000d8200000,0x00000000d8700000)
 ParOldGen       total 86016K, used 2183K [0x0000000082600000, 0x0000000087a00000, 0x00000000d6200000)
  object space 86016K, 2% used [0x0000000082600000,0x0000000082821e10,0x0000000087a00000)
 Metaspace       used 15435K, capacity 15684K, committed 15872K, reserved 1062912K
  class space    used 1893K, capacity 1973K, committed 2048K, reserved 1048576K
Event: 2.696 GC heap after
Heap after GC invocations=3 (full 0):
 PSYoungGen      total 37888K, used 5088K [0x00000000d6200000, 0x00000000dac00000, 0x0000000100000000)
  eden space 32768K, 0% used [0x00000000d6200000,0x00000000d6200000,0x00000000d8200000)
  from space 5120K, 99% used [0x00000000d8200000,0x00000000d86f8030,0x00000000d8700000)
  to   space 5120K, 0% used [0x00000000da700000,0x00000000da700000,0x00000000dac00000)
 ParOldGen       total 86016K, used 5769K [0x0000000082600000, 0x0000000087a00000, 0x00000000d6200000)
  object space 86016K, 6% used [0x0000000082600000,0x0000000082ba2510,0x0000000087a00000)
 Metaspace       used 15435K, capacity 15684K, committed 15872K, reserved 1062912K
  class space    used 1893K, capacity 1973K, committed 2048K, reserved 1048576K
}
Event: 3.128 GC heap before
{Heap before GC invocations=4 (full 0):
 PSYoungGen      total 37888K, used 37856K [0x00000000d6200000, 0x00000000dac00000, 0x0000000100000000)
  eden space 32768K, 100% used [0x00000000d6200000,0x00000000d8200000,0x00000000d8200000)
  from space 5120K, 99% used [0x00000000d8200000,0x00000000d86f8030,0x00000000d8700000)
  to   space 5120K, 0% used [0x00000000da700000,0x00000000da700000,0x00000000dac00000)
 ParOldGen       total 86016K, used 5769K [0x0000000082600000, 0x0000000087a00000, 0x00000000d6200000)
  object space 86016K, 6% used [0x0000000082600000,0x0000000082ba2510,0x0000000087a00000)
 Metaspace       used 15885K, capacity 16162K, committed 16384K, reserved 1062912K
  class space    used 1909K, capacity 1978K, committed 2048K, reserved 1048576K
Event: 3.140 GC heap after
Heap after GC invocations=4 (full 0):
 PSYoungGen      total 70656K, used 5104K [0x00000000d6200000, 0x00000000dac00000, 0x0000000100000000)
  eden space 65536K, 0% used [0x00000000d6200000,0x00000000d6200000,0x00000000da200000)
  from space 5120K, 99% used [0x00000000da700000,0x00000000dabfc040,0x00000000dac00000)
  to   space 5120K, 0% used [0x00000000da200000,0x00000000da200000,0x00000000da700000)
 ParOldGen       total 86016K, used 9682K [0x0000000082600000, 0x0000000087a00000, 0x00000000d6200000)
  object space 86016K, 11% used [0x0000000082600000,0x0000000082f74bb0,0x0000000087a00000)
 Metaspace       used 15885K, capacity 16162K, committed 16384K, reserved 1062912K
  class space    used 1909K, capacity 1978K, committed 2048K, reserved 1048576K
}

Deoptimization events (10 events):
Event: 2.387 Thread 0x00000000028d3000 Uncommon trap: reason=unstable_if action=reinterpret pc=0x0000000002d1e934 method=org.codehaus.plexus.util.xml.pull.MXParser.parseStartTag()I @ 443
Event: 2.524 Thread 0x00000000028d3000 Uncommon trap: reason=unstable_if action=reinterpret pc=0x0000000002c17554 method=java.lang.AbstractStringBuilder.append(Ljava/lang/String;)Ljava/lang/AbstractStringBuilder; @ 1
Event: 2.524 Thread 0x00000000028d3000 Uncommon trap: reason=unstable_if action=reinterpret pc=0x0000000002bf1ed8 method=java.lang.AbstractStringBuilder.append(Ljava/lang/String;)Ljava/lang/AbstractStringBuilder; @ 1
Event: 2.563 Thread 0x00000000028d3000 Uncommon trap: reason=unstable_if action=reinterpret pc=0x0000000002b97204 method=java.lang.String.replace(CC)Ljava/lang/String; @ 2
Event: 2.653 Thread 0x00000000028d3000 Uncommon trap: reason=unstable_if action=reinterpret pc=0x0000000002f9ccf4 method=java.lang.reflect.AccessibleObject.setAccessible0(Ljava/lang/reflect/AccessibleObject;Z)V @ 4
Event: 2.667 Thread 0x00000000028d3000 Uncommon trap: reason=unstable_if action=reinterpret pc=0x0000000002f5e2cc method=org.codehaus.plexus.util.xml.pull.MXParser.nextImpl()I @ 879
Event: 2.759 Thread 0x00000000028d3000 Uncommon trap: reason=null_check action=make_not_entrant pc=0x00000000030106d0 method=org.apache.maven.model.io.xpp3.MavenXpp3ReaderEx.checkFieldWithDuplicate(Lorg/codehaus/plexus/util/xml/pull/XmlPullParser;Ljava/lang/String;Ljava/lang/String;Ljava/util/
Event: 2.792 Thread 0x00000000028d3000 Uncommon trap: reason=unstable_if action=reinterpret pc=0x0000000002d8a144 method=java.lang.String.regionMatches(ZILjava/lang/String;II)Z @ 25
Event: 2.878 Thread 0x00000000028d3000 Uncommon trap: reason=unstable_if action=reinterpret pc=0x000000000301623c method=org.codehaus.plexus.util.xml.pull.MXParser.nextImpl()I @ 310
Event: 3.270 Thread 0x00000000028d3000 Uncommon trap: reason=null_check action=make_not_entrant pc=0x00000000031a3a1c method=org.apache.maven.model.io.xpp3.MavenXpp3Reader.checkFieldWithDuplicate(Lorg/codehaus/plexus/util/xml/pull/XmlPullParser;Ljava/lang/String;Ljava/lang/String;Ljava/util/Se

Internal exceptions (10 events):
Event: 1.682 Thread 0x00000000028d3000 Exception <a 'java/lang/ArrayIndexOutOfBoundsException': 73> (0x00000000d674cdc8) thrown at [C:\re\workspace\8-2-build-windows-amd64-cygwin\jdk8u121\8372\hotspot\src\share\vm\interpreter\interpreterRuntime.cpp, line 366]
Event: 1.682 Thread 0x00000000028d3000 Exception <a 'java/lang/ArrayIndexOutOfBoundsException': 131> (0x00000000d674e770) thrown at [C:\re\workspace\8-2-build-windows-amd64-cygwin\jdk8u121\8372\hotspot\src\share\vm\interpreter\interpreterRuntime.cpp, line 366]
Event: 2.248 Thread 0x00000000028d3000 Exception <a 'java/lang/NoClassDefFoundError': com/google/inject/servlet/ServletModuleTargetVisitor> (0x00000000d703ae30) thrown at [C:\re\workspace\8-2-build-windows-amd64-cygwin\jdk8u121\8372\hotspot\src\share\vm\classfile\systemDictionary.cpp, line 199
Event: 2.248 Thread 0x00000000028d3000 Exception <a 'java/lang/NoClassDefFoundError'> (0x00000000d703ae30) thrown at [C:\re\workspace\8-2-build-windows-amd64-cygwin\jdk8u121\8372\hotspot\src\share\vm\prims\jvm.cpp, line 1394]
Event: 2.248 Thread 0x00000000028d3000 Exception <a 'java/lang/NoClassDefFoundError': javax/annotation/Priority> (0x00000000d703f760) thrown at [C:\re\workspace\8-2-build-windows-amd64-cygwin\jdk8u121\8372\hotspot\src\share\vm\classfile\systemDictionary.cpp, line 199]
Event: 2.372 Thread 0x00000000028d3000 Implicit null exception at 0x0000000002bb4e5b to 0x0000000002bb500d
Event: 2.524 Thread 0x00000000028d3000 Implicit null exception at 0x0000000002c17157 to 0x0000000002c1753d
Event: 2.524 Thread 0x00000000028d3000 Implicit null exception at 0x0000000002bf1b16 to 0x0000000002bf1ec1
Event: 2.759 Thread 0x00000000028d3000 Implicit null exception at 0x000000000300f415 to 0x00000000030106b9
Event: 3.270 Thread 0x00000000028d3000 Implicit null exception at 0x00000000031a37b7 to 0x00000000031a3a01

Events (10 events):
Event: 3.183 loading class org/apache/maven/repository/internal/DefaultModelCache done
Event: 3.185 loading class org/apache/maven/repository/internal/DefaultModelResolver
Event: 3.185 loading class org/apache/maven/repository/internal/DefaultModelResolver done
Event: 3.187 loading class org/apache/maven/repository/internal/DefaultModelCache$Key
Event: 3.187 loading class org/apache/maven/repository/internal/DefaultModelCache$Key done
Event: 3.222 loading class org/apache/maven/repository/internal/DefaultModelResolver$1
Event: 3.222 loading class org/apache/maven/repository/internal/DefaultModelResolver$1 done
Event: 3.270 Thread 0x00000000028d3000 Uncommon trap: trap_request=0xfffffff4 fr.pc=0x00000000031a3a1c
Event: 3.270 Thread 0x00000000028d3000 DEOPT PACKING pc=0x00000000031a3a1c sp=0x000000000270d1c0
Event: 3.270 Thread 0x00000000028d3000 DEOPT UNPACKING pc=0x0000000002a1582a sp=0x000000000270d180 mode 2


Dynamic libraries:
0x00007ff763980000 - 0x00007ff7639b7000 	D:\Program Files\Java\jdk1.8.0_121\bin\java.exe
0x00007ffa780b0000 - 0x00007ffa782a5000 	C:\WINDOWS\SYSTEM32\ntdll.dll
0x00007ffa770a0000 - 0x00007ffa7715e000 	C:\WINDOWS\System32\KERNEL32.DLL
0x00007ffa75a00000 - 0x00007ffa75cc8000 	C:\WINDOWS\System32\KERNELBASE.dll
0x00007ffa76e10000 - 0x00007ffa76ebe000 	C:\WINDOWS\System32\ADVAPI32.dll
0x00007ffa77be0000 - 0x00007ffa77c7e000 	C:\WINDOWS\System32\msvcrt.dll
0x00007ffa76d70000 - 0x00007ffa76e0c000 	C:\WINDOWS\System32\sechost.dll
0x00007ffa77ab0000 - 0x00007ffa77bd5000 	C:\WINDOWS\System32\RPCRT4.dll
0x00007ffa76500000 - 0x00007ffa766a0000 	C:\WINDOWS\System32\USER32.dll
0x00007ffa75d80000 - 0x00007ffa75da2000 	C:\WINDOWS\System32\win32u.dll
0x00007ffa78040000 - 0x00007ffa7806b000 	C:\WINDOWS\System32\GDI32.dll
0x00007ffa75fb0000 - 0x00007ffa760bb000 	C:\WINDOWS\System32\gdi32full.dll
0x00007ffa75800000 - 0x00007ffa7589d000 	C:\WINDOWS\System32\msvcp_win.dll
0x00007ffa75db0000 - 0x00007ffa75eb0000 	C:\WINDOWS\System32\ucrtbase.dll
0x00007ffa62d80000 - 0x00007ffa6301a000 	C:\WINDOWS\WinSxS\amd64_microsoft.windows.common-controls_6595b64144ccf1df_6.0.19041.1110_none_60b5254171f9507e\COMCTL32.dll
0x00007ffa76fc0000 - 0x00007ffa76ff0000 	C:\WINDOWS\System32\IMM32.DLL
0x0000000058c10000 - 0x0000000058c1c000 	D:\Program Files (x86)\360\360Safe511731468\360Safe\safemon\SafeWrapper.dll
0x00007ffa602b0000 - 0x00007ffa60341000 	D:\Program Files (x86)\360\360Safe511731468\360Safe\safemon\libzdtp64.dll
0x00007ffa761c0000 - 0x00007ffa76215000 	C:\WINDOWS\System32\SHLWAPI.dll
0x00007ffa75350000 - 0x00007ffa7535a000 	C:\WINDOWS\SYSTEM32\VERSION.dll
0x0000000057ae0000 - 0x0000000057bb2000 	D:\Program Files\Java\jdk1.8.0_121\jre\bin\msvcr100.dll
0x0000000054730000 - 0x0000000054fcb000 	D:\Program Files\Java\jdk1.8.0_121\jre\bin\server\jvm.dll
0x00007ffa76780000 - 0x00007ffa76788000 	C:\WINDOWS\System32\PSAPI.DLL
0x00007ffa6a540000 - 0x00007ffa6a567000 	C:\WINDOWS\SYSTEM32\WINMM.dll
0x00007ffa57910000 - 0x00007ffa57919000 	C:\WINDOWS\SYSTEM32\WSOCK32.dll
0x00007ffa76ed0000 - 0x00007ffa76f3b000 	C:\WINDOWS\System32\WS2_32.dll
0x0000000057ad0000 - 0x0000000057adf000 	D:\Program Files\Java\jdk1.8.0_121\jre\bin\verify.dll
0x0000000057aa0000 - 0x0000000057ac9000 	D:\Program Files\Java\jdk1.8.0_121\jre\bin\java.dll
0x00000000576e0000 - 0x0000000057703000 	D:\Program Files\Java\jdk1.8.0_121\jre\bin\instrument.dll
0x0000000057a80000 - 0x0000000057a96000 	D:\Program Files\Java\jdk1.8.0_121\jre\bin\zip.dll
0x00007ffa77160000 - 0x00007ffa778a4000 	C:\WINDOWS\System32\SHELL32.dll
0x00007ffa73870000 - 0x00007ffa74004000 	C:\WINDOWS\SYSTEM32\windows.storage.dll
0x00007ffa77c80000 - 0x00007ffa77fd4000 	C:\WINDOWS\System32\combase.dll
0x00007ffa751c0000 - 0x00007ffa751ec000 	C:\WINDOWS\SYSTEM32\Wldp.dll
0x00007ffa76110000 - 0x00007ffa761bd000 	C:\WINDOWS\System32\SHCORE.dll
0x00007ffa75710000 - 0x00007ffa7572f000 	C:\WINDOWS\SYSTEM32\profapi.dll
0x00007ffa545b0000 - 0x00007ffa545ca000 	D:\Program Files\JetBrains\IntelliJ IDEA 2019.3.3\bin\breakgen64.dll
0x0000000057a60000 - 0x0000000057a7a000 	D:\Program Files\Java\jdk1.8.0_121\jre\bin\net.dll
0x00007ffa74f20000 - 0x00007ffa74f8a000 	C:\WINDOWS\system32\mswsock.dll
0x00007ffa75110000 - 0x00007ffa75128000 	C:\WINDOWS\SYSTEM32\CRYPTSP.dll
0x00007ffa74830000 - 0x00007ffa74864000 	C:\WINDOWS\system32\rsaenh.dll
0x00007ffa757d0000 - 0x00007ffa757f7000 	C:\WINDOWS\System32\bcrypt.dll
0x00007ffa75690000 - 0x00007ffa756be000 	C:\WINDOWS\SYSTEM32\USERENV.dll
0x00007ffa75eb0000 - 0x00007ffa75f32000 	C:\WINDOWS\System32\bcryptprimitives.dll
0x00007ffa75130000 - 0x00007ffa7513c000 	C:\WINDOWS\SYSTEM32\CRYPTBASE.dll
0x00007ffa74bc0000 - 0x00007ffa74bfb000 	C:\WINDOWS\SYSTEM32\IPHLPAPI.DLL
0x00007ffa76ec0000 - 0x00007ffa76ec8000 	C:\WINDOWS\System32\NSI.dll
0x00007ffa6a5e0000 - 0x00007ffa6a5f7000 	C:\WINDOWS\SYSTEM32\dhcpcsvc6.DLL
0x00007ffa6a5c0000 - 0x00007ffa6a5dd000 	C:\WINDOWS\SYSTEM32\dhcpcsvc.DLL
0x00007ffa74c10000 - 0x00007ffa74cda000 	C:\WINDOWS\SYSTEM32\DNSAPI.dll
0x0000000057a40000 - 0x0000000057a51000 	D:\Program Files\Java\jdk1.8.0_121\jre\bin\nio.dll
0x00007ffa6f2a0000 - 0x00007ffa6f2aa000 	C:\Users\HONOR\AppData\Local\Temp\jansi-1.16-9011192128336618425.dll
0x00007ffa53570000 - 0x00007ffa5357a000 	C:\Users\HONOR\AppData\Local\Temp\jansi-1.16-5813970922332776956.dll

VM Arguments:
jvm_args: -Dmaven.multiModuleProjectDirectory=D:\IdeaProjects\community -DarchetypeCatalog=internal -Dmaven.home=D:\apache-maven-3.5.2 -Dclassworlds.conf=D:\apache-maven-3.5.2\bin\m2.conf -Dmaven.ext.class.path=D:\Program Files\JetBrains\IntelliJ IDEA 2019.3.3\plugins\maven\lib\maven-event-listener.jar -javaagent:D:\Program Files\JetBrains\IntelliJ IDEA 2019.3.3\lib\idea_rt.jar=57573:D:\Program Files\JetBrains\IntelliJ IDEA 2019.3.3\bin -Dfile.encoding=UTF-8 
java_command: org.codehaus.classworlds.Launcher -Didea.version2019.3.3 -s D:\apache-maven-3.5.2\conf\settings.xml -Dmaven.repo.local=D:\maven_repository -DskipTests=true clean
java_class_path (initial): D:\apache-maven-3.5.2\boot\plexus-classworlds-2.5.2.jar;D:\Program Files\JetBrains\IntelliJ IDEA 2019.3.3\lib\idea_rt.jar
Launcher Type: SUN_STANDARD

Environment Variables:
JAVA_HOME=D:\Java\jdk1.8.0_121
PATH=D:\Program Files (x86)\NetSarang\Xlpd 6\;D:\Program Files (x86)\NetSarang\Xshell 6\;D:\Program Files (x86)\NetSarang\Xmanager 6\;D:\Java\jdk1.8.0_121\bin;D:\Java\jdk1.8.0_121\jre\bin;D:\oracle\product\10.2.0\db_1\bin;C:\ProgramData\Oracle\Java\javapath;C:\Program Files (x86)\Common Files\Oracle\Java\javapath;C:\Windows\system32;C:\Windows;C:\Windows\System32\Wbem;C:\Windows\System32\WindowsPowerShell\v1.0\;C:\Windows\System32\OpenSSH\;C:\Program Files\Intel\WiFi\bin\;C:\Program Files\Common Files\Intel\WirelessCommon\;C:\Program Files (x86)\NVIDIA Corporation\PhysX\Common;C:\Program Files\NVIDIA Corporation\NVIDIA NvDLISR;D:\mysql-5.7.20-winx64\bin;D:\Program Files\MATLAB\R2019b\bin;D:\apache-maven-3.5.2\bin;D:\Program Files\Git\cmd;D:\Program Files\nodejs\;C:\WINDOWS\system32;C:\WINDOWS;C:\WINDOWS\System32\Wbem;C:\WINDOWS\System32\WindowsPowerShell\v1.0\;C:\WINDOWS\System32\OpenSSH\;C:\Users\HONOR\AppData\Roaming\npm;D:\Cadence\SPB_16.5\tools\pcb\bin;D:\Cadence\SPB_16.5\tools\bin;D:\Cadence\SPB_16.5\tools\libutil\bin;D:\Cadence\SPB_16.5\tools\fet\bin;D:\Cadence\SPB_16.5\tools\specctra\bin;D:\Cadence\SPB_16.5\tools\PSpice;D:\Cadence\SPB_16.5\tools\PSpice\Library;D:\Cadence\SPB_16.5\tools\Capture;D:\Cadence\SPB_16.5\OpenAccess\bin\win32\opt;D:\Program Files (x86)\Altium Designer Winter 09\System;D:\hugo_0.83.1_Windows-64bit\;D:\redis-2.8.9\;D:\Program Files\JetBrains\CLion 2019.3.4\bin\cmake\win\bin\;D:\hadoop-2.8.3\bin\;D:\Program Files (x86)\NetSarang\Xftp 7\;D:\Python\Scripts\;D:\Python\;C:\Users\HONOR\AppData\Local\Microsoft\WindowsApps;C:\Users\HONOR\AppData\Roaming\npm;D:\Users\HONOR\AppData\Local\Programs\Microsoft VS Code\bin;C:\MinGW\bin;D:\modeltech64_10.4\win64;C:\Users\HONOR\AppData\Local\Microsoft\WindowsApps;C:\Users\HONOR\AppData\Local\Pandoc\;D:\Users\HONOR\AppData\Local\Programs\Hyper\resources\bin;
USERNAME=HONOR
OS=Windows_NT
PROCESSOR_IDENTIFIER=Intel64 Family 6 Model 142 Stepping 12, GenuineIntel



---------------  S Y S T E M  ---------------

OS: Windows 10.0 , 64 bit Build 19041 (10.0.19041.1566)

CPU:total 8 (4 cores per cpu, 2 threads per core) family 6 model 142 stepping 12, cmov, cx8, fxsr, mmx, sse, sse2, sse3, ssse3, sse4.1, sse4.2, popcnt, avx, avx2, aes, clmul, erms, 3dnowpref, lzcnt, ht, tsc, tscinvbit, bmi1, bmi2, adx

Memory: 4k page, physical 8230644k(562816k free), swap 18716400k(5944k free)

vm_info: Java HotSpot(TM) 64-Bit Server VM (25.121-b13) for windows-amd64 JRE (1.8.0_121-b13), built on Dec 12 2016 18:21:36 by "java_re" with MS VC++ 10.0 (VS2010)

time: Fri Mar 18 14:27:14 2022
elapsed time: 3 seconds (0d 0h 0m 3s)

