#
# There is insufficient memory for the Java Runtime Environment to continue.
# Native memory allocation (malloc) failed to allocate 197376 bytes for Chunk::new
# Possible reasons:
#   The system is out of physical RAM or swap space
#   In 32 bit mode, the process size limit was hit
# Possible solutions:
#   Reduce memory load on the system
#   Increase physical memory or swap space
#   Check if swap backing store is full
#   Use 64 bit Java on a 64 bit OS
#   Decrease Java heap size (-Xmx/-Xms)
#   Decrease number of Java threads
#   Decrease Java thread stack sizes (-Xss)
#   Set larger code cache with -XX:ReservedCodeCacheSize=
# This output file may be truncated or incomplete.
#
#  Out of Memory Error (allocation.cpp:390), pid=50628, tid=0x000000000000c684
#
# JRE version: Java(TM) SE Runtime Environment (8.0_121-b13) (build 1.8.0_121-b13)
# Java VM: Java HotSpot(TM) 64-Bit Server VM (25.121-b13 mixed mode windows-amd64 compressed oops)
# Failed to write core dump. Minidumps are not enabled by default on client versions of Windows
#

---------------  T H R E A D  ---------------

Current thread (0x000000001a5d8800):  JavaThread "C2 CompilerThread2" daemon [_thread_in_native, id=50820, stack(0x000000001af10000,0x000000001b010000)]

Stack: [0x000000001af10000,0x000000001b010000]
[error occurred during error reporting (printing stack bounds), id 0xc0000005]

Native frames: (J=compiled Java code, j=interpreted, Vv=VM code, C=native code)


Current CompileTask:
C2:   1459 1332       4       com.google.inject.internal.MoreTypes::canonicalize (148 bytes)


---------------  P R O C E S S  ---------------

Java Threads: ( => current thread )
  0x000000001a680000 JavaThread "Service Thread" daemon [_thread_blocked, id=50824, stack(0x000000001b110000,0x000000001b210000)]
  0x000000001a5dd800 JavaThread "C1 CompilerThread3" daemon [_thread_in_native, id=50828, stack(0x000000001b010000,0x000000001b110000)]
=>0x000000001a5d8800 JavaThread "C2 CompilerThread2" daemon [_thread_in_native, id=50820, stack(0x000000001af10000,0x000000001b010000)]
  0x000000001a5d1000 JavaThread "C2 CompilerThread1" daemon [_thread_blocked, id=50728, stack(0x000000001ae10000,0x000000001af10000)]
  0x000000001a5d0000 JavaThread "C2 CompilerThread0" daemon [_thread_blocked, id=50736, stack(0x000000001ad10000,0x000000001ae10000)]
  0x000000001a5b9000 JavaThread "Monitor Ctrl-Break" daemon [_thread_in_native, id=50732, stack(0x000000001ac10000,0x000000001ad10000)]
  0x000000001a546800 JavaThread "Attach Listener" daemon [_thread_blocked, id=50700, stack(0x000000001ab10000,0x000000001ac10000)]
  0x000000001a5a3800 JavaThread "Signal Dispatcher" daemon [_thread_blocked, id=50724, stack(0x000000001aa10000,0x000000001ab10000)]
  0x0000000003739000 JavaThread "Finalizer" daemon [_thread_blocked, id=50760, stack(0x000000001a910000,0x000000001aa10000)]
  0x0000000003738000 JavaThread "Reference Handler" daemon [_thread_blocked, id=50740, stack(0x000000001a410000,0x000000001a510000)]
  0x0000000003643000 JavaThread "main" [_thread_in_vm, id=50792, stack(0x00000000033f0000,0x00000000034f0000)]

Other Threads:
  0x0000000018639000 VMThread [stack: 0x000000001a310000,0x000000001a410000] [id=50744]
  0x000000001a6af000 WatcherThread [stack: 0x000000001b210000,0x000000001b310000] [id=50816]

VM state:not at safepoint (normal execution)

VM Mutex/Monitor currently owned by a thread: None

Heap:
 PSYoungGen      total 37888K, used 22677K [0x00000000d6200000, 0x00000000d8c00000, 0x0000000100000000)
  eden space 32768K, 53% used [0x00000000d6200000,0x00000000d7326308,0x00000000d8200000)
  from space 5120K, 99% used [0x00000000d8700000,0x00000000d8bff4e0,0x00000000d8c00000)
  to   space 5120K, 0% used [0x00000000d8200000,0x00000000d8200000,0x00000000d8700000)
 ParOldGen       total 86016K, used 2232K [0x0000000082600000, 0x0000000087a00000, 0x00000000d6200000)
  object space 86016K, 2% used [0x0000000082600000,0x000000008282e3c8,0x0000000087a00000)
 Metaspace       used 13764K, capacity 13986K, committed 14208K, reserved 1060864K
  class space    used 1726K, capacity 1804K, committed 1920K, reserved 1048576K

Card table byte_map: [0x0000000012b00000,0x0000000012ef0000] byte_map_base: 0x00000000126ed000

Marking Bits: (ParMarkBitMap*) 0x0000000054f4b6d0
 Begin Bits: [0x0000000013990000, 0x00000000158f8000)
 End Bits:   [0x00000000158f8000, 0x0000000017860000)

Polling page: 0x00000000016e0000

CodeCache: size=245760Kb used=4940Kb max_used=4940Kb free=240819Kb
 bounds [0x0000000003740000, 0x0000000003c20000, 0x0000000012740000]
 total_blobs=1685 nmethods=1337 adapters=260
 compilation: enabled

Compilation events (10 events):
Event: 1.455 Thread 0x000000001a5dd800 nmethod 1330 0x0000000003c10850 code [0x0000000003c109a0, 0x0000000003c10b90]
Event: 1.455 Thread 0x000000001a5dd800 1331       3       java.lang.System::checkKey (34 bytes)
Event: 1.455 Thread 0x000000001a5dd800 nmethod 1331 0x0000000003c10c50 code [0x0000000003c10de0, 0x0000000003c111c8]
Event: 1.455 Thread 0x000000001a5d8800 1332       4       com.google.inject.internal.MoreTypes::canonicalize (148 bytes)
Event: 1.456 Thread 0x000000001a5d0000 nmethod 1329 0x0000000003c14250 code [0x0000000003c143a0, 0x0000000003c14708]
Event: 1.456 Thread 0x000000001a5dd800 1333       3       com.google.common.cache.LocalCache$Segment::postWriteCleanup (5 bytes)
Event: 1.456 Thread 0x000000001a5dd800 nmethod 1333 0x0000000003c13a10 code [0x0000000003c13ba0, 0x0000000003c14088]
Event: 1.458 Thread 0x000000001a5dd800 1334       3       org.eclipse.sisu.bean.BeanPropertyField::getAnnotation (9 bytes)
Event: 1.458 Thread 0x000000001a5dd800 nmethod 1334 0x0000000003c12750 code [0x0000000003c12940, 0x0000000003c131c8]
Event: 1.458 Thread 0x000000001a5dd800 1335       3       java.lang.Class::createAnnotationData (192 bytes)

GC Heap History (4 events):
Event: 1.010 GC heap before
{Heap before GC invocations=1 (full 0):
 PSYoungGen      total 37888K, used 32768K [0x00000000d6200000, 0x00000000d8c00000, 0x0000000100000000)
  eden space 32768K, 100% used [0x00000000d6200000,0x00000000d8200000,0x00000000d8200000)
  from space 5120K, 0% used [0x00000000d8700000,0x00000000d8700000,0x00000000d8c00000)
  to   space 5120K, 0% used [0x00000000d8200000,0x00000000d8200000,0x00000000d8700000)
 ParOldGen       total 86016K, used 0K [0x0000000082600000, 0x0000000087a00000, 0x00000000d6200000)
  object space 86016K, 0% used [0x0000000082600000,0x0000000082600000,0x0000000087a00000)
 Metaspace       used 8965K, capacity 9088K, committed 9344K, reserved 1056768K
  class space    used 1081K, capacity 1116K, committed 1152K, reserved 1048576K
Event: 1.014 GC heap after
Heap after GC invocations=1 (full 0):
 PSYoungGen      total 37888K, used 5102K [0x00000000d6200000, 0x00000000d8c00000, 0x0000000100000000)
  eden space 32768K, 0% used [0x00000000d6200000,0x00000000d6200000,0x00000000d8200000)
  from space 5120K, 99% used [0x00000000d8200000,0x00000000d86fbaa8,0x00000000d8700000)
  to   space 5120K, 0% used [0x00000000d8700000,0x00000000d8700000,0x00000000d8c00000)
 ParOldGen       total 86016K, used 455K [0x0000000082600000, 0x0000000087a00000, 0x00000000d6200000)
  object space 86016K, 0% used [0x0000000082600000,0x0000000082671ce0,0x0000000087a00000)
 Metaspace       used 8965K, capacity 9088K, committed 9344K, reserved 1056768K
  class space    used 1081K, capacity 1116K, committed 1152K, reserved 1048576K
}
Event: 1.268 GC heap before
{Heap before GC invocations=2 (full 0):
 PSYoungGen      total 37888K, used 37870K [0x00000000d6200000, 0x00000000d8c00000, 0x0000000100000000)
  eden space 32768K, 100% used [0x00000000d6200000,0x00000000d8200000,0x00000000d8200000)
  from space 5120K, 99% used [0x00000000d8200000,0x00000000d86fbaa8,0x00000000d8700000)
  to   space 5120K, 0% used [0x00000000d8700000,0x00000000d8700000,0x00000000d8c00000)
 ParOldGen       total 86016K, used 455K [0x0000000082600000, 0x0000000087a00000, 0x00000000d6200000)
  object space 86016K, 0% used [0x0000000082600000,0x0000000082671ce0,0x0000000087a00000)
 Metaspace       used 11965K, capacity 12268K, committed 12416K, reserved 1060864K
  class space    used 1469K, capacity 1577K, committed 1664K, reserved 1048576K
Event: 1.273 GC heap after
Heap after GC invocations=2 (full 0):
 PSYoungGen      total 37888K, used 5117K [0x00000000d6200000, 0x00000000d8c00000, 0x0000000100000000)
  eden space 32768K, 0% used [0x00000000d6200000,0x00000000d6200000,0x00000000d8200000)
  from space 5120K, 99% used [0x00000000d8700000,0x00000000d8bff4e0,0x00000000d8c00000)
  to   space 5120K, 0% used [0x00000000d8200000,0x00000000d8200000,0x00000000d8700000)
 ParOldGen       total 86016K, used 2232K [0x0000000082600000, 0x0000000087a00000, 0x00000000d6200000)
  object space 86016K, 2% used [0x0000000082600000,0x000000008282e3c8,0x0000000087a00000)
 Metaspace       used 11965K, capacity 12268K, committed 12416K, reserved 1060864K
  class space    used 1469K, capacity 1577K, committed 1664K, reserved 1048576K
}

Deoptimization events (10 events):
Event: 1.024 Thread 0x0000000003643000 Uncommon trap: reason=unstable_if action=reinterpret pc=0x0000000003a33704 method=org.codehaus.plexus.util.xml.pull.MXParser.nextImpl()I @ 241
Event: 1.025 Thread 0x0000000003643000 Uncommon trap: reason=unstable_if action=reinterpret pc=0x0000000003a36414 method=java.io.Reader.read()I @ 12
Event: 1.042 Thread 0x0000000003643000 Uncommon trap: reason=range_check action=make_not_entrant pc=0x00000000039b8c60 method=sun.reflect.generics.parser.SignatureParser.current()C @ 34
Event: 1.060 Thread 0x0000000003643000 Uncommon trap: reason=unstable_if action=reinterpret pc=0x0000000003a0d7dc method=java.nio.charset.CharsetDecoder.decode(Ljava/nio/ByteBuffer;Ljava/nio/CharBuffer;Z)Ljava/nio/charset/CoderResult; @ 1
Event: 1.131 Thread 0x0000000003643000 Uncommon trap: reason=unstable_if action=reinterpret pc=0x00000000039ac548 method=java.util.HashMap.getNode(ILjava/lang/Object;)Ljava/util/HashMap$Node; @ 129
Event: 1.131 Thread 0x0000000003643000 Uncommon trap: reason=bimorphic action=maybe_recompile pc=0x0000000003ad4a68 method=java.util.HashMap.putVal(ILjava/lang/Object;Ljava/lang/Object;ZZ)Ljava/lang/Object; @ 203
Event: 1.371 Thread 0x0000000003643000 Uncommon trap: reason=bimorphic action=maybe_recompile pc=0x0000000003ad4a68 method=java.util.HashMap.putVal(ILjava/lang/Object;Ljava/lang/Object;ZZ)Ljava/lang/Object; @ 203
Event: 1.371 Thread 0x0000000003643000 Uncommon trap: reason=bimorphic action=maybe_recompile pc=0x0000000003ad4a68 method=java.util.HashMap.putVal(ILjava/lang/Object;Ljava/lang/Object;ZZ)Ljava/lang/Object; @ 203
Event: 1.407 Thread 0x0000000003643000 Uncommon trap: reason=unstable_if action=reinterpret pc=0x0000000003adf944 method=java.util.concurrent.ConcurrentHashMap.putVal(Ljava/lang/Object;Ljava/lang/Object;Z)Ljava/lang/Object; @ 206
Event: 1.433 Thread 0x0000000003643000 Uncommon trap: reason=bimorphic action=maybe_recompile pc=0x0000000003ad4a68 method=java.util.HashMap.putVal(ILjava/lang/Object;Ljava/lang/Object;ZZ)Ljava/lang/Object; @ 203

Internal exceptions (10 events):
Event: 0.950 Thread 0x0000000003643000 Exception <a 'java/lang/ArrayIndexOutOfBoundsException'> (0x00000000d7a2eaa8) thrown at [C:\re\workspace\8-2-build-windows-amd64-cygwin\jdk8u121\8372\hotspot\src\share\vm\runtime\sharedRuntime.cpp, line 605]
Event: 0.950 Thread 0x0000000003643000 Exception <a 'java/lang/ArrayIndexOutOfBoundsException'> (0x00000000d7a2f848) thrown at [C:\re\workspace\8-2-build-windows-amd64-cygwin\jdk8u121\8372\hotspot\src\share\vm\runtime\sharedRuntime.cpp, line 605]
Event: 0.950 Thread 0x0000000003643000 Exception <a 'java/lang/ArrayIndexOutOfBoundsException'> (0x00000000d7a31c68) thrown at [C:\re\workspace\8-2-build-windows-amd64-cygwin\jdk8u121\8372\hotspot\src\share\vm\runtime\sharedRuntime.cpp, line 605]
Event: 0.950 Thread 0x0000000003643000 Exception <a 'java/lang/ArrayIndexOutOfBoundsException'> (0x00000000d7a339a8) thrown at [C:\re\workspace\8-2-build-windows-amd64-cygwin\jdk8u121\8372\hotspot\src\share\vm\runtime\sharedRuntime.cpp, line 605]
Event: 0.950 Thread 0x0000000003643000 Exception <a 'java/lang/ArrayIndexOutOfBoundsException'> (0x00000000d7a34f00) thrown at [C:\re\workspace\8-2-build-windows-amd64-cygwin\jdk8u121\8372\hotspot\src\share\vm\runtime\sharedRuntime.cpp, line 605]
Event: 1.042 Thread 0x0000000003643000 Exception <a 'java/lang/ArrayIndexOutOfBoundsException': 73> (0x00000000d6707c48) thrown at [C:\re\workspace\8-2-build-windows-amd64-cygwin\jdk8u121\8372\hotspot\src\share\vm\interpreter\interpreterRuntime.cpp, line 366]
Event: 1.042 Thread 0x0000000003643000 Exception <a 'java/lang/ArrayIndexOutOfBoundsException': 131> (0x00000000d67095f0) thrown at [C:\re\workspace\8-2-build-windows-amd64-cygwin\jdk8u121\8372\hotspot\src\share\vm\interpreter\interpreterRuntime.cpp, line 366]
Event: 1.428 Thread 0x0000000003643000 Exception <a 'java/lang/NoClassDefFoundError': com/google/inject/servlet/ServletModuleTargetVisitor> (0x00000000d6ffc0b8) thrown at [C:\re\workspace\8-2-build-windows-amd64-cygwin\jdk8u121\8372\hotspot\src\share\vm\classfile\systemDictionary.cpp, line 199
Event: 1.428 Thread 0x0000000003643000 Exception <a 'java/lang/NoClassDefFoundError'> (0x00000000d6ffc0b8) thrown at [C:\re\workspace\8-2-build-windows-amd64-cygwin\jdk8u121\8372\hotspot\src\share\vm\prims\jvm.cpp, line 1394]
Event: 1.428 Thread 0x0000000003643000 Exception <a 'java/lang/NoClassDefFoundError': javax/annotation/Priority> (0x00000000d70009e8) thrown at [C:\re\workspace\8-2-build-windows-amd64-cygwin\jdk8u121\8372\hotspot\src\share\vm\classfile\systemDictionary.cpp, line 199]

Events (10 events):
Event: 1.458 loading class org/apache/maven/repository/legacy/resolver/conflict/FarthestConflictResolver
Event: 1.458 loading class org/apache/maven/repository/legacy/resolver/conflict/FarthestConflictResolver done
Event: 1.458 loading class org/apache/maven/repository/legacy/resolver/conflict/OldestConflictResolver
Event: 1.458 loading class org/apache/maven/repository/legacy/resolver/conflict/OldestConflictResolver done
Event: 1.458 loading class org/apache/maven/repository/legacy/resolver/conflict/OldestConflictResolver
Event: 1.458 loading class org/apache/maven/repository/legacy/resolver/conflict/OldestConflictResolver done
Event: 1.458 loading class org/apache/maven/repository/legacy/resolver/conflict/DefaultConflictResolver
Event: 1.458 loading class org/apache/maven/repository/legacy/resolver/conflict/DefaultConflictResolver done
Event: 1.458 loading class org/apache/maven/repository/legacy/resolver/conflict/DefaultConflictResolver
Event: 1.459 loading class org/apache/maven/repository/legacy/resolver/conflict/DefaultConflictResolver done


Dynamic libraries:
0x00007ff763980000 - 0x00007ff7639b7000 	D:\Program Files\Java\jdk1.8.0_121\bin\java.exe
0x00007ffa780b0000 - 0x00007ffa782a5000 	C:\WINDOWS\SYSTEM32\ntdll.dll
0x00007ffa770a0000 - 0x00007ffa7715e000 	C:\WINDOWS\System32\KERNEL32.DLL
0x00007ffa75a00000 - 0x00007ffa75cc8000 	C:\WINDOWS\System32\KERNELBASE.dll
0x00007ffa76e10000 - 0x00007ffa76ebe000 	C:\WINDOWS\System32\ADVAPI32.dll
0x00007ffa77be0000 - 0x00007ffa77c7e000 	C:\WINDOWS\System32\msvcrt.dll
0x00007ffa76d70000 - 0x00007ffa76e0c000 	C:\WINDOWS\System32\sechost.dll
0x00007ffa77ab0000 - 0x00007ffa77bd5000 	C:\WINDOWS\System32\RPCRT4.dll
0x00007ffa76500000 - 0x00007ffa766a0000 	C:\WINDOWS\System32\USER32.dll
0x00007ffa75d80000 - 0x00007ffa75da2000 	C:\WINDOWS\System32\win32u.dll
0x00007ffa78040000 - 0x00007ffa7806b000 	C:\WINDOWS\System32\GDI32.dll
0x00007ffa75fb0000 - 0x00007ffa760bb000 	C:\WINDOWS\System32\gdi32full.dll
0x00007ffa75800000 - 0x00007ffa7589d000 	C:\WINDOWS\System32\msvcp_win.dll
0x00007ffa75db0000 - 0x00007ffa75eb0000 	C:\WINDOWS\System32\ucrtbase.dll
0x00007ffa62d80000 - 0x00007ffa6301a000 	C:\WINDOWS\WinSxS\amd64_microsoft.windows.common-controls_6595b64144ccf1df_6.0.19041.1110_none_60b5254171f9507e\COMCTL32.dll
0x00007ffa76fc0000 - 0x00007ffa76ff0000 	C:\WINDOWS\System32\IMM32.DLL
0x0000000058c10000 - 0x0000000058c1c000 	D:\Program Files (x86)\360\360Safe511731468\360Safe\safemon\SafeWrapper.dll
0x00007ffa602b0000 - 0x00007ffa60341000 	D:\Program Files (x86)\360\360Safe511731468\360Safe\safemon\libzdtp64.dll
0x00007ffa761c0000 - 0x00007ffa76215000 	C:\WINDOWS\System32\SHLWAPI.dll
0x00007ffa75350000 - 0x00007ffa7535a000 	C:\WINDOWS\SYSTEM32\VERSION.dll
0x0000000057ae0000 - 0x0000000057bb2000 	D:\Program Files\Java\jdk1.8.0_121\jre\bin\msvcr100.dll
0x0000000054730000 - 0x0000000054fcb000 	D:\Program Files\Java\jdk1.8.0_121\jre\bin\server\jvm.dll
0x00007ffa76780000 - 0x00007ffa76788000 	C:\WINDOWS\System32\PSAPI.DLL
0x00007ffa6a540000 - 0x00007ffa6a567000 	C:\WINDOWS\SYSTEM32\WINMM.dll
0x00007ffa57910000 - 0x00007ffa57919000 	C:\WINDOWS\SYSTEM32\WSOCK32.dll
0x00007ffa76ed0000 - 0x00007ffa76f3b000 	C:\WINDOWS\System32\WS2_32.dll
0x0000000057ad0000 - 0x0000000057adf000 	D:\Program Files\Java\jdk1.8.0_121\jre\bin\verify.dll
0x0000000057aa0000 - 0x0000000057ac9000 	D:\Program Files\Java\jdk1.8.0_121\jre\bin\java.dll
0x00000000576f0000 - 0x0000000057713000 	D:\Program Files\Java\jdk1.8.0_121\jre\bin\instrument.dll
0x0000000057a80000 - 0x0000000057a96000 	D:\Program Files\Java\jdk1.8.0_121\jre\bin\zip.dll
0x00007ffa77160000 - 0x00007ffa778a4000 	C:\WINDOWS\System32\SHELL32.dll
0x00007ffa73870000 - 0x00007ffa74004000 	C:\WINDOWS\SYSTEM32\windows.storage.dll
0x00007ffa77c80000 - 0x00007ffa77fd4000 	C:\WINDOWS\System32\combase.dll
0x00007ffa751c0000 - 0x00007ffa751ec000 	C:\WINDOWS\SYSTEM32\Wldp.dll
0x00007ffa76110000 - 0x00007ffa761bd000 	C:\WINDOWS\System32\SHCORE.dll
0x00007ffa75710000 - 0x00007ffa7572f000 	C:\WINDOWS\SYSTEM32\profapi.dll
0x00007ffa53560000 - 0x00007ffa5357a000 	D:\Program Files\JetBrains\IntelliJ IDEA 2019.3.3\bin\breakgen64.dll
0x0000000057a60000 - 0x0000000057a7a000 	D:\Program Files\Java\jdk1.8.0_121\jre\bin\net.dll
0x00007ffa74f20000 - 0x00007ffa74f8a000 	C:\WINDOWS\system32\mswsock.dll
0x00007ffa75110000 - 0x00007ffa75128000 	C:\WINDOWS\SYSTEM32\CRYPTSP.dll
0x00007ffa74830000 - 0x00007ffa74864000 	C:\WINDOWS\system32\rsaenh.dll
0x00007ffa757d0000 - 0x00007ffa757f7000 	C:\WINDOWS\System32\bcrypt.dll
0x00007ffa75690000 - 0x00007ffa756be000 	C:\WINDOWS\SYSTEM32\USERENV.dll
0x00007ffa75eb0000 - 0x00007ffa75f32000 	C:\WINDOWS\System32\bcryptprimitives.dll
0x00007ffa75130000 - 0x00007ffa7513c000 	C:\WINDOWS\SYSTEM32\CRYPTBASE.dll
0x00007ffa74bc0000 - 0x00007ffa74bfb000 	C:\WINDOWS\SYSTEM32\IPHLPAPI.DLL
0x00007ffa76ec0000 - 0x00007ffa76ec8000 	C:\WINDOWS\System32\NSI.dll
0x00007ffa6a5e0000 - 0x00007ffa6a5f7000 	C:\WINDOWS\SYSTEM32\dhcpcsvc6.DLL
0x00007ffa6a5c0000 - 0x00007ffa6a5dd000 	C:\WINDOWS\SYSTEM32\dhcpcsvc.DLL
0x00007ffa74c10000 - 0x00007ffa74cda000 	C:\WINDOWS\SYSTEM32\DNSAPI.dll
0x0000000057a40000 - 0x0000000057a51000 	D:\Program Files\Java\jdk1.8.0_121\jre\bin\nio.dll
0x00007ffa6f2a0000 - 0x00007ffa6f2aa000 	C:\Users\HONOR\AppData\Local\Temp\jansi-1.16-7069501066724173749.dll
0x00007ffa53550000 - 0x00007ffa5355a000 	C:\Users\HONOR\AppData\Local\Temp\jansi-1.16-3230854668544925519.dll

VM Arguments:
jvm_args: -Dmaven.multiModuleProjectDirectory=D:\IdeaProjects\community -DarchetypeCatalog=internal -Dmaven.home=D:\apache-maven-3.5.2 -Dclassworlds.conf=D:\apache-maven-3.5.2\bin\m2.conf -Dmaven.ext.class.path=D:\Program Files\JetBrains\IntelliJ IDEA 2019.3.3\plugins\maven\lib\maven-event-listener.jar -javaagent:D:\Program Files\JetBrains\IntelliJ IDEA 2019.3.3\lib\idea_rt.jar=57655:D:\Program Files\JetBrains\IntelliJ IDEA 2019.3.3\bin -Dfile.encoding=UTF-8 
java_command: org.codehaus.classworlds.Launcher -Didea.version2019.3.3 -s D:\apache-maven-3.5.2\conf\settings.xml -Dmaven.repo.local=D:\maven_repository -DskipTests=true package
java_class_path (initial): D:\apache-maven-3.5.2\boot\plexus-classworlds-2.5.2.jar;D:\Program Files\JetBrains\IntelliJ IDEA 2019.3.3\lib\idea_rt.jar
Launcher Type: SUN_STANDARD

Environment Variables:
JAVA_HOME=D:\Java\jdk1.8.0_121
PATH=D:\Program Files (x86)\NetSarang\Xlpd 6\;D:\Program Files (x86)\NetSarang\Xshell 6\;D:\Program Files (x86)\NetSarang\Xmanager 6\;D:\Java\jdk1.8.0_121\bin;D:\Java\jdk1.8.0_121\jre\bin;D:\oracle\product\10.2.0\db_1\bin;C:\ProgramData\Oracle\Java\javapath;C:\Program Files (x86)\Common Files\Oracle\Java\javapath;C:\Windows\system32;C:\Windows;C:\Windows\System32\Wbem;C:\Windows\System32\WindowsPowerShell\v1.0\;C:\Windows\System32\OpenSSH\;C:\Program Files\Intel\WiFi\bin\;C:\Program Files\Common Files\Intel\WirelessCommon\;C:\Program Files (x86)\NVIDIA Corporation\PhysX\Common;C:\Program Files\NVIDIA Corporation\NVIDIA NvDLISR;D:\mysql-5.7.20-winx64\bin;D:\Program Files\MATLAB\R2019b\bin;D:\apache-maven-3.5.2\bin;D:\Program Files\Git\cmd;D:\Program Files\nodejs\;C:\WINDOWS\system32;C:\WINDOWS;C:\WINDOWS\System32\Wbem;C:\WINDOWS\System32\WindowsPowerShell\v1.0\;C:\WINDOWS\System32\OpenSSH\;C:\Users\HONOR\AppData\Roaming\npm;D:\Cadence\SPB_16.5\tools\pcb\bin;D:\Cadence\SPB_16.5\tools\bin;D:\Cadence\SPB_16.5\tools\libutil\bin;D:\Cadence\SPB_16.5\tools\fet\bin;D:\Cadence\SPB_16.5\tools\specctra\bin;D:\Cadence\SPB_16.5\tools\PSpice;D:\Cadence\SPB_16.5\tools\PSpice\Library;D:\Cadence\SPB_16.5\tools\Capture;D:\Cadence\SPB_16.5\OpenAccess\bin\win32\opt;D:\Program Files (x86)\Altium Designer Winter 09\System;D:\hugo_0.83.1_Windows-64bit\;D:\redis-2.8.9\;D:\Program Files\JetBrains\CLion 2019.3.4\bin\cmake\win\bin\;D:\hadoop-2.8.3\bin\;D:\Program Files (x86)\NetSarang\Xftp 7\;D:\Python\Scripts\;D:\Python\;C:\Users\HONOR\AppData\Local\Microsoft\WindowsApps;C:\Users\HONOR\AppData\Roaming\npm;D:\Users\HONOR\AppData\Local\Programs\Microsoft VS Code\bin;C:\MinGW\bin;D:\modeltech64_10.4\win64;C:\Users\HONOR\AppData\Local\Microsoft\WindowsApps;C:\Users\HONOR\AppData\Local\Pandoc\;D:\Users\HONOR\AppData\Local\Programs\Hyper\resources\bin;
USERNAME=HONOR
OS=Windows_NT
PROCESSOR_IDENTIFIER=Intel64 Family 6 Model 142 Stepping 12, GenuineIntel



---------------  S Y S T E M  ---------------

OS: Windows 10.0 , 64 bit Build 19041 (10.0.19041.1566)

CPU:total 8 (4 cores per cpu, 2 threads per core) family 6 model 142 stepping 12, cmov, cx8, fxsr, mmx, sse, sse2, sse3, ssse3, sse4.1, sse4.2, popcnt, avx, avx2, aes, clmul, erms, 3dnowpref, lzcnt, ht, tsc, tscinvbit, bmi1, bmi2, adx

Memory: 4k page, physical 8230644k(603036k free), swap 18716400k(5468k free)

vm_info: Java HotSpot(TM) 64-Bit Server VM (25.121-b13) for windows-amd64 JRE (1.8.0_121-b13), built on Dec 12 2016 18:21:36 by "java_re" with MS VC++ 10.0 (VS2010)

time: Fri Mar 18 14:28:28 2022
elapsed time: 1 seconds (0d 0h 0m 1s)

