#
# There is insufficient memory for the Java Runtime Environment to continue.
# Native memory allocation (malloc) failed to allocate 32744 bytes for ChunkPool::allocate
# Possible reasons:
#   The system is out of physical RAM or swap space
#   In 32 bit mode, the process size limit was hit
# Possible solutions:
#   Reduce memory load on the system
#   Increase physical memory or swap space
#   Check if swap backing store is full
#   Use 64 bit Java on a 64 bit OS
#   Decrease Java heap size (-Xmx/-Xms)
#   Decrease number of Java threads
#   Decrease Java thread stack sizes (-Xss)
#   Set larger code cache with -XX:ReservedCodeCacheSize=
# This output file may be truncated or incomplete.
#
#  Out of Memory Error (allocation.cpp:273), pid=37468, tid=0x00000000000037f8
#
# JRE version: Java(TM) SE Runtime Environment (8.0_121-b13) (build 1.8.0_121-b13)
# Java VM: Java HotSpot(TM) 64-Bit Server VM (25.121-b13 mixed mode windows-amd64 compressed oops)
# Failed to write core dump. Minidumps are not enabled by default on client versions of Windows
#

---------------  T H R E A D  ---------------

Current thread (0x0000000019e9f000):  JavaThread "C1 CompilerThread3" daemon [_thread_in_native, id=14328, stack(0x000000001a8d0000,0x000000001a9d0000)]

Stack: [0x000000001a8d0000,0x000000001a9d0000]
[error occurred during error reporting (printing stack bounds), id 0xc0000005]

Native frames: (J=compiled Java code, j=interpreted, Vv=VM code, C=native code)


Current CompileTask:
C1:   5753 4947       2       lombok.javac.handlers.JavacHandlerUtil::chainDots (172 bytes)


---------------  P R O C E S S  ---------------

Java Threads: ( => current thread )
  0x0000000019f35800 JavaThread "Service Thread" daemon [_thread_blocked, id=42564, stack(0x000000001a9d0000,0x000000001aad0000)]
=>0x0000000019e9f000 JavaThread "C1 CompilerThread3" daemon [_thread_in_native, id=14328, stack(0x000000001a8d0000,0x000000001a9d0000)]
  0x0000000019e9a000 JavaThread "C2 CompilerThread2" daemon [_thread_in_native, id=43676, stack(0x000000001a7d0000,0x000000001a8d0000)]
  0x0000000019e96000 JavaThread "C2 CompilerThread1" daemon [_thread_in_native, id=36896, stack(0x000000001a6d0000,0x000000001a7d0000)]
  0x0000000019e94000 JavaThread "C2 CompilerThread0" daemon [_thread_in_native, id=43048, stack(0x000000001a5d0000,0x000000001a6d0000)]
  0x0000000019e7c800 JavaThread "Monitor Ctrl-Break" daemon [_thread_in_native, id=45620, stack(0x000000001a4d0000,0x000000001a5d0000)]
  0x0000000019e07000 JavaThread "Attach Listener" daemon [_thread_blocked, id=47764, stack(0x000000001a3d0000,0x000000001a4d0000)]
  0x0000000019e06000 JavaThread "Signal Dispatcher" daemon [_thread_blocked, id=43516, stack(0x000000001a2d0000,0x000000001a3d0000)]
  0x0000000019df0800 JavaThread "Finalizer" daemon [_thread_blocked, id=43484, stack(0x000000001a1d0000,0x000000001a2d0000)]
  0x0000000017efd000 JavaThread "Reference Handler" daemon [_thread_blocked, id=43036, stack(0x0000000019cd0000,0x0000000019dd0000)]
  0x0000000002f03000 JavaThread "main" [_thread_in_native, id=47240, stack(0x0000000002d00000,0x0000000002e00000)]

Other Threads:
  0x0000000017ef9000 VMThread [stack: 0x0000000019bd0000,0x0000000019cd0000] [id=43772]
  0x0000000019f55000 WatcherThread [stack: 0x000000001aad0000,0x000000001abd0000] [id=47368]

VM state:not at safepoint (normal execution)

VM Mutex/Monitor currently owned by a thread: None

Heap:
 PSYoungGen      total 143360K, used 20570K [0x00000000d6200000, 0x00000000dfc00000, 0x0000000100000000)
  eden space 130560K, 5% used [0x00000000d6200000,0x00000000d6996be0,0x00000000de180000)
  from space 12800K, 99% used [0x00000000dee80000,0x00000000dfafff38,0x00000000dfb00000)
  to   space 13312K, 0% used [0x00000000de180000,0x00000000de180000,0x00000000dee80000)
 ParOldGen       total 79872K, used 28098K [0x0000000082600000, 0x0000000087400000, 0x00000000d6200000)
  object space 79872K, 35% used [0x0000000082600000,0x00000000841708c0,0x0000000087400000)
 Metaspace       used 25034K, capacity 25768K, committed 25856K, reserved 1073152K
  class space    used 2884K, capacity 3041K, committed 3072K, reserved 1048576K

Card table byte_map: [0x00000000123c0000,0x00000000127b0000] byte_map_base: 0x0000000011fad000

Marking Bits: (ParMarkBitMap*) 0x0000000054f4b6d0
 Begin Bits: [0x0000000013250000, 0x00000000151b8000)
 End Bits:   [0x00000000151b8000, 0x0000000017120000)

Polling page: 0x0000000000bc0000

CodeCache: size=245760Kb used=15167Kb max_used=16153Kb free=230592Kb
 bounds [0x0000000003000000, 0x0000000003fe0000, 0x0000000012000000]
 total_blobs=4680 nmethods=4259 adapters=333
 compilation: enabled

Compilation events (10 events):
Event: 5.741 Thread 0x0000000019e9f000 nmethod 4941 0x000000000358d710 code [0x000000000358d860, 0x000000000358da10]
Event: 5.741 Thread 0x0000000019e9f000 4942       2       com.sun.tools.javac.tree.JCTree$JCReturn::<init> (10 bytes)
Event: 5.741 Thread 0x0000000019e9f000 nmethod 4942 0x00000000035af6d0 code [0x00000000035af820, 0x00000000035af990]
Event: 5.741 Thread 0x0000000019e9f000 4945       2       java.lang.ClassLoader::getClassLoader (11 bytes)
Event: 5.741 Thread 0x0000000019e9f000 nmethod 4945 0x0000000003666bd0 code [0x0000000003666d20, 0x0000000003666e70]
Event: 5.742 Thread 0x0000000019e9f000 4944       2       java.lang.Class::getMethod0 (40 bytes)
Event: 5.742 Thread 0x0000000019e9f000 nmethod 4944 0x00000000035c6710 code [0x00000000035c68a0, 0x00000000035c6b18]
Event: 5.742 Thread 0x0000000019e9f000 4943       2       sun.misc.ProxyGenerator::getFieldType (65 bytes)
Event: 5.742 Thread 0x0000000019e9f000 nmethod 4943 0x000000000311fb50 code [0x000000000311fd40, 0x0000000003120268]
Event: 5.749 Thread 0x0000000019e9f000 4947       2       lombok.javac.handlers.JavacHandlerUtil::chainDots (172 bytes)

GC Heap History (10 events):
Event: 2.565 GC heap before
{Heap before GC invocations=5 (full 0):
 PSYoungGen      total 70656K, used 70640K [0x00000000d6200000, 0x00000000dac00000, 0x0000000100000000)
  eden space 65536K, 100% used [0x00000000d6200000,0x00000000da200000,0x00000000da200000)
  from space 5120K, 99% used [0x00000000da700000,0x00000000dabfc040,0x00000000dac00000)
  to   space 5120K, 0% used [0x00000000da200000,0x00000000da200000,0x00000000da700000)
 ParOldGen       total 86016K, used 9819K [0x0000000082600000, 0x0000000087a00000, 0x00000000d6200000)
  object space 86016K, 11% used [0x0000000082600000,0x0000000082f96c28,0x0000000087a00000)
 Metaspace       used 16450K, capacity 16792K, committed 17152K, reserved 1064960K
  class space    used 1946K, capacity 2015K, committed 2048K, reserved 1048576K
Event: 2.578 GC heap after
Heap after GC invocations=5 (full 0):
 PSYoungGen      total 70656K, used 5104K [0x00000000d6200000, 0x00000000dfb00000, 0x0000000100000000)
  eden space 65536K, 0% used [0x00000000d6200000,0x00000000d6200000,0x00000000da200000)
  from space 5120K, 99% used [0x00000000da200000,0x00000000da6fc060,0x00000000da700000)
  to   space 12800K, 0% used [0x00000000dee80000,0x00000000dee80000,0x00000000dfb00000)
 ParOldGen       total 86016K, used 16135K [0x0000000082600000, 0x0000000087a00000, 0x00000000d6200000)
  object space 86016K, 18% used [0x0000000082600000,0x00000000835c1f28,0x0000000087a00000)
 Metaspace       used 16450K, capacity 16792K, committed 17152K, reserved 1064960K
  class space    used 1946K, capacity 2015K, committed 2048K, reserved 1048576K
}
Event: 3.050 GC heap before
{Heap before GC invocations=6 (full 0):
 PSYoungGen      total 70656K, used 70640K [0x00000000d6200000, 0x00000000dfb00000, 0x0000000100000000)
  eden space 65536K, 100% used [0x00000000d6200000,0x00000000da200000,0x00000000da200000)
  from space 5120K, 99% used [0x00000000da200000,0x00000000da6fc060,0x00000000da700000)
  to   space 12800K, 0% used [0x00000000dee80000,0x00000000dee80000,0x00000000dfb00000)
 ParOldGen       total 86016K, used 16135K [0x0000000082600000, 0x0000000087a00000, 0x00000000d6200000)
  object space 86016K, 18% used [0x0000000082600000,0x00000000835c1f28,0x0000000087a00000)
 Metaspace       used 16905K, capacity 17322K, committed 17536K, reserved 1064960K
  class space    used 1964K, capacity 2082K, committed 2176K, reserved 1048576K
Event: 3.061 GC heap after
Heap after GC invocations=6 (full 0):
 PSYoungGen      total 143360K, used 10288K [0x00000000d6200000, 0x00000000dfc00000, 0x0000000100000000)
  eden space 130560K, 0% used [0x00000000d6200000,0x00000000d6200000,0x00000000de180000)
  from space 12800K, 80% used [0x00000000dee80000,0x00000000df88c040,0x00000000dfb00000)
  to   space 13312K, 0% used [0x00000000de180000,0x00000000de180000,0x00000000dee80000)
 ParOldGen       total 86016K, used 16143K [0x0000000082600000, 0x0000000087a00000, 0x00000000d6200000)
  object space 86016K, 18% used [0x0000000082600000,0x00000000835c3f28,0x0000000087a00000)
 Metaspace       used 16905K, capacity 17322K, committed 17536K, reserved 1064960K
  class space    used 1964K, capacity 2082K, committed 2176K, reserved 1048576K
}
Event: 3.996 GC heap before
{Heap before GC invocations=7 (full 0):
 PSYoungGen      total 143360K, used 70763K [0x00000000d6200000, 0x00000000dfc00000, 0x0000000100000000)
  eden space 130560K, 46% used [0x00000000d6200000,0x00000000d9d0ec30,0x00000000de180000)
  from space 12800K, 80% used [0x00000000dee80000,0x00000000df88c040,0x00000000dfb00000)
  to   space 13312K, 0% used [0x00000000de180000,0x00000000de180000,0x00000000dee80000)
 ParOldGen       total 86016K, used 16143K [0x0000000082600000, 0x0000000087a00000, 0x00000000d6200000)
  object space 86016K, 18% used [0x0000000082600000,0x00000000835c3f28,0x0000000087a00000)
 Metaspace       used 20592K, capacity 21160K, committed 21248K, reserved 1069056K
  class space    used 2425K, capacity 2555K, committed 2560K, reserved 1048576K
Event: 4.005 GC heap after
Heap after GC invocations=7 (full 0):
 PSYoungGen      total 143872K, used 12497K [0x00000000d6200000, 0x00000000dfc00000, 0x0000000100000000)
  eden space 130560K, 0% used [0x00000000d6200000,0x00000000d6200000,0x00000000de180000)
  from space 13312K, 93% used [0x00000000de180000,0x00000000dedb44f8,0x00000000dee80000)
  to   space 12800K, 0% used [0x00000000dee80000,0x00000000dee80000,0x00000000dfb00000)
 ParOldGen       total 86016K, used 17984K [0x0000000082600000, 0x0000000087a00000, 0x00000000d6200000)
  object space 86016K, 20% used [0x0000000082600000,0x0000000083790358,0x0000000087a00000)
 Metaspace       used 20592K, capacity 21160K, committed 21248K, reserved 1069056K
  class space    used 2425K, capacity 2555K, committed 2560K, reserved 1048576K
}
Event: 4.005 GC heap before
{Heap before GC invocations=8 (full 1):
 PSYoungGen      total 143872K, used 12497K [0x00000000d6200000, 0x00000000dfc00000, 0x0000000100000000)
  eden space 130560K, 0% used [0x00000000d6200000,0x00000000d6200000,0x00000000de180000)
  from space 13312K, 93% used [0x00000000de180000,0x00000000dedb44f8,0x00000000dee80000)
  to   space 12800K, 0% used [0x00000000dee80000,0x00000000dee80000,0x00000000dfb00000)
 ParOldGen       total 86016K, used 17984K [0x0000000082600000, 0x0000000087a00000, 0x00000000d6200000)
  object space 86016K, 20% used [0x0000000082600000,0x0000000083790358,0x0000000087a00000)
 Metaspace       used 20592K, capacity 21160K, committed 21248K, reserved 1069056K
  class space    used 2425K, capacity 2555K, committed 2560K, reserved 1048576K
Event: 4.067 GC heap after
Heap after GC invocations=8 (full 1):
 PSYoungGen      total 143872K, used 0K [0x00000000d6200000, 0x00000000dfc00000, 0x0000000100000000)
  eden space 130560K, 0% used [0x00000000d6200000,0x00000000d6200000,0x00000000de180000)
  from space 13312K, 0% used [0x00000000de180000,0x00000000de180000,0x00000000dee80000)
  to   space 12800K, 0% used [0x00000000dee80000,0x00000000dee80000,0x00000000dfb00000)
 ParOldGen       total 79872K, used 23313K [0x0000000082600000, 0x0000000087400000, 0x00000000d6200000)
  object space 79872K, 29% used [0x0000000082600000,0x0000000083cc4470,0x0000000087400000)
 Metaspace       used 20592K, capacity 21160K, committed 21248K, reserved 1069056K
  class space    used 2425K, capacity 2555K, committed 2560K, reserved 1048576K
}
Event: 5.676 GC heap before
{Heap before GC invocations=9 (full 1):
 PSYoungGen      total 143872K, used 130560K [0x00000000d6200000, 0x00000000dfc00000, 0x0000000100000000)
  eden space 130560K, 100% used [0x00000000d6200000,0x00000000de180000,0x00000000de180000)
  from space 13312K, 0% used [0x00000000de180000,0x00000000de180000,0x00000000dee80000)
  to   space 12800K, 0% used [0x00000000dee80000,0x00000000dee80000,0x00000000dfb00000)
 ParOldGen       total 79872K, used 23313K [0x0000000082600000, 0x0000000087400000, 0x00000000d6200000)
  object space 79872K, 29% used [0x0000000082600000,0x0000000083cc4470,0x0000000087400000)
 Metaspace       used 24999K, capacity 25698K, committed 25856K, reserved 1073152K
  class space    used 2880K, capacity 3040K, committed 3072K, reserved 1048576K
Event: 5.688 GC heap after
Heap after GC invocations=9 (full 1):
 PSYoungGen      total 143360K, used 12799K [0x00000000d6200000, 0x00000000dfc00000, 0x0000000100000000)
  eden space 130560K, 0% used [0x00000000d6200000,0x00000000d6200000,0x00000000de180000)
  from space 12800K, 99% used [0x00000000dee80000,0x00000000dfafff38,0x00000000dfb00000)
  to   space 13312K, 0% used [0x00000000de180000,0x00000000de180000,0x00000000dee80000)
 ParOldGen       total 79872K, used 28098K [0x0000000082600000, 0x0000000087400000, 0x00000000d6200000)
  object space 79872K, 35% used [0x0000000082600000,0x00000000841708c0,0x0000000087400000)
 Metaspace       used 24999K, capacity 25698K, committed 25856K, reserved 1073152K
  class space    used 2880K, capacity 3040K, committed 3072K, reserved 1048576K
}

Deoptimization events (10 events):
Event: 5.222 Thread 0x0000000002f03000 Uncommon trap: reason=bimorphic action=maybe_recompile pc=0x000000000380d02c method=java.util.regex.Pattern$5.isSatisfiedBy(I)Z @ 5
Event: 5.222 Thread 0x0000000002f03000 Uncommon trap: reason=bimorphic action=maybe_recompile pc=0x000000000380d02c method=java.util.regex.Pattern$5.isSatisfiedBy(I)Z @ 5
Event: 5.315 Thread 0x0000000002f03000 Uncommon trap: reason=unstable_if action=reinterpret pc=0x000000000343c0fc method=java.io.WinNTFileSystem.resolve(Ljava/lang/String;Ljava/lang/String;)Ljava/lang/String; @ 117
Event: 5.323 Thread 0x0000000002f03000 Uncommon trap: reason=unstable_if action=reinterpret pc=0x0000000003c4258c method=java.io.WinNTFileSystem.resolve(Ljava/lang/String;Ljava/lang/String;)Ljava/lang/String; @ 117
Event: 5.484 Thread 0x0000000002f03000 Uncommon trap: reason=unstable_if action=reinterpret pc=0x0000000003825f50 method=java.util.regex.Pattern.has(I)Z @ 6
Event: 5.507 Thread 0x0000000002f03000 Uncommon trap: reason=null_check action=maybe_recompile pc=0x00000000037d0db0 method=java.util.regex.Matcher.getTextLength()I @ 4
Event: 5.510 Thread 0x0000000002f03000 Uncommon trap: reason=null_check action=maybe_recompile pc=0x00000000037d0db0 method=java.util.regex.Matcher.getTextLength()I @ 4
Event: 5.512 Thread 0x0000000002f03000 Uncommon trap: reason=null_check action=maybe_recompile pc=0x00000000037d0db0 method=java.util.regex.Matcher.getTextLength()I @ 4
Event: 5.514 Thread 0x0000000002f03000 Uncommon trap: reason=null_check action=maybe_recompile pc=0x00000000037cbb40 method=java.util.regex.Matcher.getTextLength()I @ 4
Event: 5.533 Thread 0x0000000002f03000 Uncommon trap: reason=null_check action=maybe_recompile pc=0x0000000003663834 method=java.util.regex.Matcher.getTextLength()I @ 4

Internal exceptions (10 events):
Event: 5.746 Thread 0x0000000002f03000 NullPointerException in IC check 0x000000000310ebc0
Event: 5.746 Thread 0x0000000002f03000 Exception <a 'java/lang/NullPointerException'> (0x00000000d688e0e0) thrown at [C:\re\workspace\8-2-build-windows-amd64-cygwin\jdk8u121\8372\hotspot\src\share\vm\runtime\sharedRuntime.cpp, line 605]
Event: 5.747 Thread 0x0000000002f03000 NullPointerException in IC check 0x000000000310ebc0
Event: 5.747 Thread 0x0000000002f03000 Exception <a 'java/lang/NullPointerException'> (0x00000000d68ad450) thrown at [C:\re\workspace\8-2-build-windows-amd64-cygwin\jdk8u121\8372\hotspot\src\share\vm\runtime\sharedRuntime.cpp, line 605]
Event: 5.748 Thread 0x0000000002f03000 NullPointerException in IC check 0x000000000310ebc0
Event: 5.748 Thread 0x0000000002f03000 Exception <a 'java/lang/NullPointerException'> (0x00000000d68cc8e0) thrown at [C:\re\workspace\8-2-build-windows-amd64-cygwin\jdk8u121\8372\hotspot\src\share\vm\runtime\sharedRuntime.cpp, line 605]
Event: 5.748 Thread 0x0000000002f03000 NullPointerException in IC check 0x000000000310ebc0
Event: 5.749 Thread 0x0000000002f03000 Exception <a 'java/lang/NullPointerException'> (0x00000000d68ec558) thrown at [C:\re\workspace\8-2-build-windows-amd64-cygwin\jdk8u121\8372\hotspot\src\share\vm\runtime\sharedRuntime.cpp, line 605]
Event: 5.750 Thread 0x0000000002f03000 NullPointerException in IC check 0x000000000310ebc0
Event: 5.750 Thread 0x0000000002f03000 Exception <a 'java/lang/NullPointerException'> (0x00000000d6910140) thrown at [C:\re\workspace\8-2-build-windows-amd64-cygwin\jdk8u121\8372\hotspot\src\share\vm\runtime\sharedRuntime.cpp, line 605]

Events (10 events):
Event: 5.741 Thread 0x0000000019e9f000 flushing nmethod 0x0000000003bc0290
Event: 5.741 Thread 0x0000000019e9f000 flushing nmethod 0x0000000003bc5f90
Event: 5.741 Thread 0x0000000019e9f000 flushing nmethod 0x0000000003bee6d0
Event: 5.741 Thread 0x0000000019e9f000 flushing nmethod 0x0000000003bf5950
Event: 5.741 Thread 0x0000000019e9f000 flushing nmethod 0x0000000003bf78d0
Event: 5.741 Thread 0x0000000019e9f000 flushing nmethod 0x0000000003bfa550
Event: 5.741 Thread 0x0000000019e9f000 flushing nmethod 0x0000000003bfe750
Event: 5.741 Thread 0x0000000019e9f000 flushing nmethod 0x0000000003c03f50
Event: 5.741 Thread 0x0000000019e9f000 flushing nmethod 0x0000000003c15ed0
Event: 5.741 Thread 0x0000000019e9f000 flushing nmethod 0x0000000003c1b490


Dynamic libraries:
0x00007ff763980000 - 0x00007ff7639b7000 	D:\Program Files\Java\jdk1.8.0_121\bin\java.exe
0x00007ffa780b0000 - 0x00007ffa782a5000 	C:\WINDOWS\SYSTEM32\ntdll.dll
0x00007ffa770a0000 - 0x00007ffa7715e000 	C:\WINDOWS\System32\KERNEL32.DLL
0x00007ffa75a00000 - 0x00007ffa75cc8000 	C:\WINDOWS\System32\KERNELBASE.dll
0x00007ffa76e10000 - 0x00007ffa76ebe000 	C:\WINDOWS\System32\ADVAPI32.dll
0x00007ffa77be0000 - 0x00007ffa77c7e000 	C:\WINDOWS\System32\msvcrt.dll
0x00007ffa76d70000 - 0x00007ffa76e0c000 	C:\WINDOWS\System32\sechost.dll
0x00007ffa77ab0000 - 0x00007ffa77bd5000 	C:\WINDOWS\System32\RPCRT4.dll
0x00007ffa76500000 - 0x00007ffa766a0000 	C:\WINDOWS\System32\USER32.dll
0x00007ffa75d80000 - 0x00007ffa75da2000 	C:\WINDOWS\System32\win32u.dll
0x00007ffa78040000 - 0x00007ffa7806b000 	C:\WINDOWS\System32\GDI32.dll
0x00007ffa75fb0000 - 0x00007ffa760bb000 	C:\WINDOWS\System32\gdi32full.dll
0x00007ffa75800000 - 0x00007ffa7589d000 	C:\WINDOWS\System32\msvcp_win.dll
0x00007ffa75db0000 - 0x00007ffa75eb0000 	C:\WINDOWS\System32\ucrtbase.dll
0x00007ffa62d80000 - 0x00007ffa6301a000 	C:\WINDOWS\WinSxS\amd64_microsoft.windows.common-controls_6595b64144ccf1df_6.0.19041.1110_none_60b5254171f9507e\COMCTL32.dll
0x00007ffa76fc0000 - 0x00007ffa76ff0000 	C:\WINDOWS\System32\IMM32.DLL
0x0000000058c10000 - 0x0000000058c1c000 	D:\Program Files (x86)\360\360Safe511731468\360Safe\safemon\SafeWrapper.dll
0x00007ffa602b0000 - 0x00007ffa60341000 	D:\Program Files (x86)\360\360Safe511731468\360Safe\safemon\libzdtp64.dll
0x00007ffa761c0000 - 0x00007ffa76215000 	C:\WINDOWS\System32\SHLWAPI.dll
0x00007ffa75350000 - 0x00007ffa7535a000 	C:\WINDOWS\SYSTEM32\VERSION.dll
0x0000000057ae0000 - 0x0000000057bb2000 	D:\Program Files\Java\jdk1.8.0_121\jre\bin\msvcr100.dll
0x0000000054730000 - 0x0000000054fcb000 	D:\Program Files\Java\jdk1.8.0_121\jre\bin\server\jvm.dll
0x00007ffa76780000 - 0x00007ffa76788000 	C:\WINDOWS\System32\PSAPI.DLL
0x00007ffa57910000 - 0x00007ffa57919000 	C:\WINDOWS\SYSTEM32\WSOCK32.dll
0x00007ffa6a540000 - 0x00007ffa6a567000 	C:\WINDOWS\SYSTEM32\WINMM.dll
0x00007ffa76ed0000 - 0x00007ffa76f3b000 	C:\WINDOWS\System32\WS2_32.dll
0x0000000057ad0000 - 0x0000000057adf000 	D:\Program Files\Java\jdk1.8.0_121\jre\bin\verify.dll
0x0000000057aa0000 - 0x0000000057ac9000 	D:\Program Files\Java\jdk1.8.0_121\jre\bin\java.dll
0x0000000057a10000 - 0x0000000057a33000 	D:\Program Files\Java\jdk1.8.0_121\jre\bin\instrument.dll
0x0000000057a80000 - 0x0000000057a96000 	D:\Program Files\Java\jdk1.8.0_121\jre\bin\zip.dll
0x00007ffa77160000 - 0x00007ffa778a4000 	C:\WINDOWS\System32\SHELL32.dll
0x00007ffa73870000 - 0x00007ffa74004000 	C:\WINDOWS\SYSTEM32\windows.storage.dll
0x00007ffa77c80000 - 0x00007ffa77fd4000 	C:\WINDOWS\System32\combase.dll
0x00007ffa751c0000 - 0x00007ffa751ec000 	C:\WINDOWS\SYSTEM32\Wldp.dll
0x00007ffa76110000 - 0x00007ffa761bd000 	C:\WINDOWS\System32\SHCORE.dll
0x00007ffa75710000 - 0x00007ffa7572f000 	C:\WINDOWS\SYSTEM32\profapi.dll
0x00007ffa71240000 - 0x00007ffa7125a000 	D:\Program Files\JetBrains\IntelliJ IDEA 2019.3.3\bin\breakgen64.dll
0x0000000057a60000 - 0x0000000057a7a000 	D:\Program Files\Java\jdk1.8.0_121\jre\bin\net.dll
0x00007ffa74f20000 - 0x00007ffa74f8a000 	C:\WINDOWS\system32\mswsock.dll
0x00007ffa75110000 - 0x00007ffa75128000 	C:\WINDOWS\SYSTEM32\CRYPTSP.dll
0x00007ffa74830000 - 0x00007ffa74864000 	C:\WINDOWS\system32\rsaenh.dll
0x00007ffa757d0000 - 0x00007ffa757f7000 	C:\WINDOWS\System32\bcrypt.dll
0x00007ffa75690000 - 0x00007ffa756be000 	C:\WINDOWS\SYSTEM32\USERENV.dll
0x00007ffa75eb0000 - 0x00007ffa75f32000 	C:\WINDOWS\System32\bcryptprimitives.dll
0x00007ffa75130000 - 0x00007ffa7513c000 	C:\WINDOWS\SYSTEM32\CRYPTBASE.dll
0x00007ffa74bc0000 - 0x00007ffa74bfb000 	C:\WINDOWS\SYSTEM32\IPHLPAPI.DLL
0x00007ffa76ec0000 - 0x00007ffa76ec8000 	C:\WINDOWS\System32\NSI.dll
0x00007ffa6a5e0000 - 0x00007ffa6a5f7000 	C:\WINDOWS\SYSTEM32\dhcpcsvc6.DLL
0x00007ffa6a5c0000 - 0x00007ffa6a5dd000 	C:\WINDOWS\SYSTEM32\dhcpcsvc.DLL
0x00007ffa74c10000 - 0x00007ffa74cda000 	C:\WINDOWS\SYSTEM32\DNSAPI.dll
0x0000000057a40000 - 0x0000000057a51000 	D:\Program Files\Java\jdk1.8.0_121\jre\bin\nio.dll
0x00007ffa71280000 - 0x00007ffa7128a000 	C:\Users\HONOR\AppData\Local\Temp\jansi-1.16-4694103689203773852.dll
0x00007ffa71230000 - 0x00007ffa7123a000 	C:\Users\HONOR\AppData\Local\Temp\jansi-1.16-1912423164020464565.dll

VM Arguments:
jvm_args: -Dmaven.multiModuleProjectDirectory=D:\IdeaProjects\community -DarchetypeCatalog=internal -Dmaven.home=D:\apache-maven-3.5.2 -Dclassworlds.conf=D:\apache-maven-3.5.2\bin\m2.conf -Dmaven.ext.class.path=D:\Program Files\JetBrains\IntelliJ IDEA 2019.3.3\plugins\maven\lib\maven-event-listener.jar -javaagent:D:\Program Files\JetBrains\IntelliJ IDEA 2019.3.3\lib\idea_rt.jar=56495:D:\Program Files\JetBrains\IntelliJ IDEA 2019.3.3\bin -Dfile.encoding=UTF-8 
java_command: org.codehaus.classworlds.Launcher -Didea.version2019.3.3 -s D:\apache-maven-3.5.2\conf\settings.xml -Dmaven.repo.local=D:\maven_repository package
java_class_path (initial): D:\apache-maven-3.5.2\boot\plexus-classworlds-2.5.2.jar;D:\Program Files\JetBrains\IntelliJ IDEA 2019.3.3\lib\idea_rt.jar
Launcher Type: SUN_STANDARD

Environment Variables:
JAVA_HOME=D:\Java\jdk1.8.0_121
PATH=D:\Program Files (x86)\NetSarang\Xlpd 6\;D:\Program Files (x86)\NetSarang\Xshell 6\;D:\Program Files (x86)\NetSarang\Xmanager 6\;D:\Java\jdk1.8.0_121\bin;D:\Java\jdk1.8.0_121\jre\bin;D:\oracle\product\10.2.0\db_1\bin;C:\ProgramData\Oracle\Java\javapath;C:\Program Files (x86)\Common Files\Oracle\Java\javapath;C:\Windows\system32;C:\Windows;C:\Windows\System32\Wbem;C:\Windows\System32\WindowsPowerShell\v1.0\;C:\Windows\System32\OpenSSH\;C:\Program Files\Intel\WiFi\bin\;C:\Program Files\Common Files\Intel\WirelessCommon\;C:\Program Files (x86)\NVIDIA Corporation\PhysX\Common;C:\Program Files\NVIDIA Corporation\NVIDIA NvDLISR;D:\mysql-5.7.20-winx64\bin;D:\Program Files\MATLAB\R2019b\bin;D:\apache-maven-3.5.2\bin;D:\Program Files\Git\cmd;D:\Program Files\nodejs\;C:\WINDOWS\system32;C:\WINDOWS;C:\WINDOWS\System32\Wbem;C:\WINDOWS\System32\WindowsPowerShell\v1.0\;C:\WINDOWS\System32\OpenSSH\;C:\Users\HONOR\AppData\Roaming\npm;D:\Cadence\SPB_16.5\tools\pcb\bin;D:\Cadence\SPB_16.5\tools\bin;D:\Cadence\SPB_16.5\tools\libutil\bin;D:\Cadence\SPB_16.5\tools\fet\bin;D:\Cadence\SPB_16.5\tools\specctra\bin;D:\Cadence\SPB_16.5\tools\PSpice;D:\Cadence\SPB_16.5\tools\PSpice\Library;D:\Cadence\SPB_16.5\tools\Capture;D:\Cadence\SPB_16.5\OpenAccess\bin\win32\opt;D:\Program Files (x86)\Altium Designer Winter 09\System;D:\hugo_0.83.1_Windows-64bit\;D:\redis-2.8.9\;D:\Program Files\JetBrains\CLion 2019.3.4\bin\cmake\win\bin\;D:\hadoop-2.8.3\bin\;D:\Program Files (x86)\NetSarang\Xftp 7\;D:\Python\Scripts\;D:\Python\;C:\Users\HONOR\AppData\Local\Microsoft\WindowsApps;C:\Users\HONOR\AppData\Roaming\npm;D:\Users\HONOR\AppData\Local\Programs\Microsoft VS Code\bin;C:\MinGW\bin;D:\modeltech64_10.4\win64;C:\Users\HONOR\AppData\Local\Microsoft\WindowsApps;C:\Users\HONOR\AppData\Local\Pandoc\;D:\Users\HONOR\AppData\Local\Programs\Hyper\resources\bin;
USERNAME=HONOR
OS=Windows_NT
PROCESSOR_IDENTIFIER=Intel64 Family 6 Model 142 Stepping 12, GenuineIntel



---------------  S Y S T E M  ---------------

OS: Windows 10.0 , 64 bit Build 19041 (10.0.19041.1566)

CPU:total 8 (4 cores per cpu, 2 threads per core) family 6 model 142 stepping 12, cmov, cx8, fxsr, mmx, sse, sse2, sse3, ssse3, sse4.1, sse4.2, popcnt, avx, avx2, aes, clmul, erms, 3dnowpref, lzcnt, ht, tsc, tscinvbit, bmi1, bmi2, adx

Memory: 4k page, physical 8230644k(279876k free), swap 18716400k(3224k free)

vm_info: Java HotSpot(TM) 64-Bit Server VM (25.121-b13) for windows-amd64 JRE (1.8.0_121-b13), built on Dec 12 2016 18:21:36 by "java_re" with MS VC++ 10.0 (VS2010)

time: Fri Mar 18 14:04:14 2022
elapsed time: 5 seconds (0d 0h 0m 5s)

