#
# There is insufficient memory for the Java Runtime Environment to continue.
# Native memory allocation (malloc) failed to allocate 1223536 bytes for Chunk::new
# Possible reasons:
#   The system is out of physical RAM or swap space
#   In 32 bit mode, the process size limit was hit
# Possible solutions:
#   Reduce memory load on the system
#   Increase physical memory or swap space
#   Check if swap backing store is full
#   Use 64 bit Java on a 64 bit OS
#   Decrease Java heap size (-Xmx/-Xms)
#   Decrease number of Java threads
#   Decrease Java thread stack sizes (-Xss)
#   Set larger code cache with -XX:ReservedCodeCacheSize=
# This output file may be truncated or incomplete.
#
#  Out of Memory Error (allocation.cpp:390), pid=43676, tid=0x0000000000007894
#
# JRE version: Java(TM) SE Runtime Environment (8.0_121-b13) (build 1.8.0_121-b13)
# Java VM: Java HotSpot(TM) 64-Bit Server VM (25.121-b13 mixed mode windows-amd64 compressed oops)
# Failed to write core dump. Minidumps are not enabled by default on client versions of Windows
#

---------------  T H R E A D  ---------------

Current thread (0x0000000019fc8800):  JavaThread "C2 CompilerThread2" daemon [_thread_in_native, id=30868, stack(0x000000001a830000,0x000000001a930000)]

Stack: [0x000000001a830000,0x000000001a930000]
[error occurred during error reporting (printing stack bounds), id 0xc0000005]

Native frames: (J=compiled Java code, j=interpreted, Vv=VM code, C=native code)


Current CompileTask:
C2:   5163 3976   !   4       org.springframework.core.annotation.AnnotatedElementUtils::searchWithFindSemantics (774 bytes)


---------------  P R O C E S S  ---------------

Java Threads: ( => current thread )
  0x000000001a1d2800 JavaThread "surefire-forkedjvm-ping-30s" daemon [_thread_blocked, id=45216, stack(0x000000001ad30000,0x000000001ae30000)]
  0x000000001a0e7800 JavaThread "surefire-forkedjvm-command-thread" daemon [_thread_in_native, id=39856, stack(0x000000001ac30000,0x000000001ad30000)]
  0x000000001a01d000 JavaThread "Service Thread" daemon [_thread_blocked, id=48000, stack(0x000000001aa30000,0x000000001ab30000)]
  0x0000000019fd7800 JavaThread "C1 CompilerThread3" daemon [_thread_blocked, id=43048, stack(0x000000001a930000,0x000000001aa30000)]
=>0x0000000019fc8800 JavaThread "C2 CompilerThread2" daemon [_thread_in_native, id=30868, stack(0x000000001a830000,0x000000001a930000)]
  0x0000000019fc4800 JavaThread "C2 CompilerThread1" daemon [_thread_in_native, id=41980, stack(0x000000001a730000,0x000000001a830000)]
  0x0000000019fc2800 JavaThread "C2 CompilerThread0" daemon [_thread_in_native, id=47860, stack(0x000000001a630000,0x000000001a730000)]
  0x0000000019fc0000 JavaThread "Attach Listener" daemon [_thread_blocked, id=5428, stack(0x000000001a530000,0x000000001a630000)]
  0x0000000019fbf800 JavaThread "Signal Dispatcher" daemon [_thread_blocked, id=38384, stack(0x000000001a430000,0x000000001a530000)]
  0x000000000315e800 JavaThread "Finalizer" daemon [_thread_blocked, id=35668, stack(0x000000001a330000,0x000000001a430000)]
  0x0000000003157000 JavaThread "Reference Handler" daemon [_thread_blocked, id=47784, stack(0x0000000019e30000,0x0000000019f30000)]
  0x0000000002e5e800 JavaThread "main" [_thread_in_native, id=33980, stack(0x0000000002f60000,0x0000000003060000)]

Other Threads:
  0x000000001805a000 VMThread [stack: 0x0000000019d30000,0x0000000019e30000] [id=34628]
  0x000000001a0c3800 WatcherThread [stack: 0x000000001ab30000,0x000000001ac30000] [id=41000]

VM state:not at safepoint (normal execution)

VM Mutex/Monitor currently owned by a thread: None

Heap:
 PSYoungGen      total 70656K, used 67077K [0x00000000d6200000, 0x00000000dac00000, 0x0000000100000000)
  eden space 65536K, 96% used [0x00000000d6200000,0x00000000d9fb2c28,0x00000000da200000)
  from space 5120K, 76% used [0x00000000da200000,0x00000000da5ce828,0x00000000da700000)
  to   space 5120K, 0% used [0x00000000da700000,0x00000000da700000,0x00000000dac00000)
 ParOldGen       total 50688K, used 15228K [0x0000000082600000, 0x0000000085780000, 0x00000000d6200000)
  object space 50688K, 30% used [0x0000000082600000,0x00000000834df088,0x0000000085780000)
 Metaspace       used 37609K, capacity 39362K, committed 39472K, reserved 1083392K
  class space    used 4823K, capacity 5147K, committed 5168K, reserved 1048576K

Card table byte_map: [0x0000000012520000,0x0000000012910000] byte_map_base: 0x000000001210d000

Marking Bits: (ParMarkBitMap*) 0x0000000054f4b6d0
 Begin Bits: [0x00000000133b0000, 0x0000000015318000)
 End Bits:   [0x0000000015318000, 0x0000000017280000)

Polling page: 0x0000000001120000

CodeCache: size=245760Kb used=15587Kb max_used=15587Kb free=230172Kb
 bounds [0x0000000003160000, 0x00000000040a0000, 0x0000000012160000]
 total_blobs=4413 nmethods=3972 adapters=353
 compilation: enabled

Compilation events (10 events):
Event: 5.124 Thread 0x0000000019fd7800 4022       3       org.springframework.util.ReflectionUtils::findField (119 bytes)
Event: 5.125 Thread 0x0000000019fd7800 nmethod 4022 0x0000000004099a90 code [0x0000000004099ca0, 0x000000000409a808]
Event: 5.136 Thread 0x0000000019fd7800 4023       3       java.beans.PropertyDescriptor::<init> (112 bytes)
Event: 5.136 Thread 0x0000000019fd7800 nmethod 4023 0x000000000409ad50 code [0x000000000409af20, 0x000000000409b6a8]
Event: 5.136 Thread 0x0000000019fd7800 4024   !   3       java.beans.PropertyDescriptor::updateGenericsFor (37 bytes)
Event: 5.137 Thread 0x0000000019fd7800 nmethod 4024 0x000000000409b990 code [0x000000000409bc00, 0x000000000409cd78]
Event: 5.139 Thread 0x0000000019fd7800 4025       3       org.springframework.core.convert.support.GenericConversionService$ConverterCacheKey::hashCode (19 bytes)
Event: 5.139 Thread 0x0000000019fd7800 nmethod 4025 0x000000000409d610 code [0x000000000409d7a0, 0x000000000409dd78]
Event: 5.144 Thread 0x0000000019fd7800 4026       3       org.springframework.asm.Type::getMethodDescriptor (66 bytes)
Event: 5.145 Thread 0x0000000019fd7800 nmethod 4026 0x000000000409df50 code [0x000000000409e1c0, 0x000000000409f1e8]

GC Heap History (10 events):
Event: 2.185 GC heap before
{Heap before GC invocations=7 (full 1):
 PSYoungGen      total 70656K, used 65536K [0x00000000d6200000, 0x00000000dac00000, 0x0000000100000000)
  eden space 65536K, 100% used [0x00000000d6200000,0x00000000da200000,0x00000000da200000)
  from space 5120K, 0% used [0x00000000da200000,0x00000000da200000,0x00000000da700000)
  to   space 5120K, 0% used [0x00000000da700000,0x00000000da700000,0x00000000dac00000)
 ParOldGen       total 50688K, used 5439K [0x0000000082600000, 0x0000000085780000, 0x00000000d6200000)
  object space 50688K, 10% used [0x0000000082600000,0x0000000082b4fdc8,0x0000000085780000)
 Metaspace       used 26249K, capacity 27054K, committed 27184K, reserved 1073152K
  class space    used 3380K, capacity 3577K, committed 3632K, reserved 1048576K
Event: 2.193 GC heap after
Heap after GC invocations=7 (full 1):
 PSYoungGen      total 70656K, used 5094K [0x00000000d6200000, 0x00000000dac00000, 0x0000000100000000)
  eden space 65536K, 0% used [0x00000000d6200000,0x00000000d6200000,0x00000000da200000)
  from space 5120K, 99% used [0x00000000da700000,0x00000000dabf9870,0x00000000dac00000)
  to   space 5120K, 0% used [0x00000000da200000,0x00000000da200000,0x00000000da700000)
 ParOldGen       total 50688K, used 7587K [0x0000000082600000, 0x0000000085780000, 0x00000000d6200000)
  object space 50688K, 14% used [0x0000000082600000,0x0000000082d68d10,0x0000000085780000)
 Metaspace       used 26249K, capacity 27054K, committed 27184K, reserved 1073152K
  class space    used 3380K, capacity 3577K, committed 3632K, reserved 1048576K
}
Event: 3.109 GC heap before
{Heap before GC invocations=8 (full 1):
 PSYoungGen      total 70656K, used 70630K [0x00000000d6200000, 0x00000000dac00000, 0x0000000100000000)
  eden space 65536K, 100% used [0x00000000d6200000,0x00000000da200000,0x00000000da200000)
  from space 5120K, 99% used [0x00000000da700000,0x00000000dabf9870,0x00000000dac00000)
  to   space 5120K, 0% used [0x00000000da200000,0x00000000da200000,0x00000000da700000)
 ParOldGen       total 50688K, used 7587K [0x0000000082600000, 0x0000000085780000, 0x00000000d6200000)
  object space 50688K, 14% used [0x0000000082600000,0x0000000082d68d10,0x0000000085780000)
 Metaspace       used 29819K, capacity 30874K, committed 31024K, reserved 1077248K
  class space    used 3836K, capacity 4063K, committed 4144K, reserved 1048576K
Event: 3.117 GC heap after
Heap after GC invocations=8 (full 1):
 PSYoungGen      total 70656K, used 5092K [0x00000000d6200000, 0x00000000dac00000, 0x0000000100000000)
  eden space 65536K, 0% used [0x00000000d6200000,0x00000000d6200000,0x00000000da200000)
  from space 5120K, 99% used [0x00000000da200000,0x00000000da6f9040,0x00000000da700000)
  to   space 5120K, 0% used [0x00000000da700000,0x00000000da700000,0x00000000dac00000)
 ParOldGen       total 50688K, used 10761K [0x0000000082600000, 0x0000000085780000, 0x00000000d6200000)
  object space 50688K, 21% used [0x0000000082600000,0x0000000083082658,0x0000000085780000)
 Metaspace       used 29819K, capacity 30874K, committed 31024K, reserved 1077248K
  class space    used 3836K, capacity 4063K, committed 4144K, reserved 1048576K
}
Event: 3.908 GC heap before
{Heap before GC invocations=9 (full 1):
 PSYoungGen      total 70656K, used 69480K [0x00000000d6200000, 0x00000000dac00000, 0x0000000100000000)
  eden space 65536K, 98% used [0x00000000d6200000,0x00000000da0e10e0,0x00000000da200000)
  from space 5120K, 99% used [0x00000000da200000,0x00000000da6f9040,0x00000000da700000)
  to   space 5120K, 0% used [0x00000000da700000,0x00000000da700000,0x00000000dac00000)
 ParOldGen       total 50688K, used 10761K [0x0000000082600000, 0x0000000085780000, 0x00000000d6200000)
  object space 50688K, 21% used [0x0000000082600000,0x0000000083082658,0x0000000085780000)
 Metaspace       used 34222K, capacity 35380K, committed 35496K, reserved 1081344K
  class space    used 4367K, capacity 4634K, committed 4656K, reserved 1048576K
Event: 3.915 GC heap after
Heap after GC invocations=9 (full 1):
 PSYoungGen      total 70656K, used 5088K [0x00000000d6200000, 0x00000000dac00000, 0x0000000100000000)
  eden space 65536K, 0% used [0x00000000d6200000,0x00000000d6200000,0x00000000da200000)
  from space 5120K, 99% used [0x00000000da700000,0x00000000dabf8020,0x00000000dac00000)
  to   space 5120K, 0% used [0x00000000da200000,0x00000000da200000,0x00000000da700000)
 ParOldGen       total 50688K, used 15233K [0x0000000082600000, 0x0000000085780000, 0x00000000d6200000)
  object space 50688K, 30% used [0x0000000082600000,0x00000000834e0668,0x0000000085780000)
 Metaspace       used 34222K, capacity 35380K, committed 35496K, reserved 1081344K
  class space    used 4367K, capacity 4634K, committed 4656K, reserved 1048576K
}
Event: 3.915 GC heap before
{Heap before GC invocations=10 (full 2):
 PSYoungGen      total 70656K, used 5088K [0x00000000d6200000, 0x00000000dac00000, 0x0000000100000000)
  eden space 65536K, 0% used [0x00000000d6200000,0x00000000d6200000,0x00000000da200000)
  from space 5120K, 99% used [0x00000000da700000,0x00000000dabf8020,0x00000000dac00000)
  to   space 5120K, 0% used [0x00000000da200000,0x00000000da200000,0x00000000da700000)
 ParOldGen       total 50688K, used 15233K [0x0000000082600000, 0x0000000085780000, 0x00000000d6200000)
  object space 50688K, 30% used [0x0000000082600000,0x00000000834e0668,0x0000000085780000)
 Metaspace       used 34222K, capacity 35380K, committed 35496K, reserved 1081344K
  class space    used 4367K, capacity 4634K, committed 4656K, reserved 1048576K
Event: 3.972 GC heap after
Heap after GC invocations=10 (full 2):
 PSYoungGen      total 70656K, used 0K [0x00000000d6200000, 0x00000000dac00000, 0x0000000100000000)
  eden space 65536K, 0% used [0x00000000d6200000,0x00000000d6200000,0x00000000da200000)
  from space 5120K, 0% used [0x00000000da700000,0x00000000da700000,0x00000000dac00000)
  to   space 5120K, 0% used [0x00000000da200000,0x00000000da200000,0x00000000da700000)
 ParOldGen       total 50688K, used 15220K [0x0000000082600000, 0x0000000085780000, 0x00000000d6200000)
  object space 50688K, 30% used [0x0000000082600000,0x00000000834dd088,0x0000000085780000)
 Metaspace       used 34222K, capacity 35380K, committed 35496K, reserved 1081344K
  class space    used 4367K, capacity 4634K, committed 4656K, reserved 1048576K
}
Event: 4.588 GC heap before
{Heap before GC invocations=11 (full 2):
 PSYoungGen      total 70656K, used 65536K [0x00000000d6200000, 0x00000000dac00000, 0x0000000100000000)
  eden space 65536K, 100% used [0x00000000d6200000,0x00000000da200000,0x00000000da200000)
  from space 5120K, 0% used [0x00000000da700000,0x00000000da700000,0x00000000dac00000)
  to   space 5120K, 0% used [0x00000000da200000,0x00000000da200000,0x00000000da700000)
 ParOldGen       total 50688K, used 15220K [0x0000000082600000, 0x0000000085780000, 0x00000000d6200000)
  object space 50688K, 30% used [0x0000000082600000,0x00000000834dd088,0x0000000085780000)
 Metaspace       used 36071K, capacity 37666K, committed 37808K, reserved 1081344K
  class space    used 4623K, capacity 4941K, committed 5040K, reserved 1048576K
Event: 4.592 GC heap after
Heap after GC invocations=11 (full 2):
 PSYoungGen      total 70656K, used 3898K [0x00000000d6200000, 0x00000000dac00000, 0x0000000100000000)
  eden space 65536K, 0% used [0x00000000d6200000,0x00000000d6200000,0x00000000da200000)
  from space 5120K, 76% used [0x00000000da200000,0x00000000da5ce828,0x00000000da700000)
  to   space 5120K, 0% used [0x00000000da700000,0x00000000da700000,0x00000000dac00000)
 ParOldGen       total 50688K, used 15228K [0x0000000082600000, 0x0000000085780000, 0x00000000d6200000)
  object space 50688K, 30% used [0x0000000082600000,0x00000000834df088,0x0000000085780000)
 Metaspace       used 36071K, capacity 37666K, committed 37808K, reserved 1081344K
  class space    used 4623K, capacity 4941K, committed 5040K, reserved 1048576K
}

Deoptimization events (10 events):
Event: 4.261 Thread 0x0000000002e5e800 Uncommon trap: reason=unstable_if action=reinterpret pc=0x0000000003e67128 method=java.util.concurrent.ConcurrentHashMap.get(Ljava/lang/Object;)Ljava/lang/Object; @ 86
Event: 4.261 Thread 0x0000000002e5e800 Uncommon trap: reason=unstable_if action=reinterpret pc=0x0000000003e5ec74 method=java.util.concurrent.ConcurrentHashMap.putVal(Ljava/lang/Object;Ljava/lang/Object;Z)Ljava/lang/Object; @ 152
Event: 4.407 Thread 0x0000000002e5e800 Uncommon trap: reason=null_check action=make_not_entrant pc=0x0000000003f1d828 method=org.springframework.core.annotation.AnnotatedElementUtils.searchWithFindSemantics(Ljava/lang/reflect/AnnotatedElement;Ljava/util/Set;Ljava/lang/String;Ljava/lang/Class;L
Event: 4.542 Thread 0x0000000002e5e800 Uncommon trap: reason=unstable_if action=reinterpret pc=0x00000000035a8410 method=java.util.concurrent.ConcurrentHashMap.transfer([Ljava/util/concurrent/ConcurrentHashMap$Node;[Ljava/util/concurrent/ConcurrentHashMap$Node;)V @ 356
Event: 4.596 Thread 0x0000000002e5e800 Uncommon trap: reason=unstable_if action=reinterpret pc=0x0000000003f77b54 method=org.springframework.core.annotation.AnnotatedElementUtils.searchWithFindSemantics(Ljava/lang/reflect/AnnotatedElement;Ljava/util/Set;Ljava/lang/String;Ljava/lang/Class;Lorg/
Event: 4.945 Thread 0x0000000002e5e800 Uncommon trap: reason=class_check action=maybe_recompile pc=0x0000000003eee1fc method=org.springframework.core.annotation.AnnotationUtils.hasPlainJavaAnnotationsOnly(Ljava/lang/Object;)Z @ 1
Event: 4.982 Thread 0x0000000002e5e800 Uncommon trap: reason=class_check action=maybe_recompile pc=0x0000000003eee1fc method=org.springframework.core.annotation.AnnotationUtils.hasPlainJavaAnnotationsOnly(Ljava/lang/Object;)Z @ 1
Event: 4.994 Thread 0x0000000002e5e800 Uncommon trap: reason=class_check action=maybe_recompile pc=0x0000000003eee1fc method=org.springframework.core.annotation.AnnotationUtils.hasPlainJavaAnnotationsOnly(Ljava/lang/Object;)Z @ 1
Event: 4.995 Thread 0x0000000002e5e800 Uncommon trap: reason=class_check action=maybe_recompile pc=0x0000000003eee1fc method=org.springframework.core.annotation.AnnotationUtils.hasPlainJavaAnnotationsOnly(Ljava/lang/Object;)Z @ 1
Event: 5.027 Thread 0x0000000002e5e800 Uncommon trap: reason=unstable_if action=reinterpret pc=0x0000000003fec648 method=org.springframework.beans.factory.support.AbstractBeanFactory.isTypeMatch(Ljava/lang/String;Lorg/springframework/core/ResolvableType;)Z @ 26

Internal exceptions (10 events):
Event: 5.135 Thread 0x0000000002e5e800 Exception <a 'java/lang/ClassNotFoundException': org/thymeleaf/spring5/templateresolver/SpringResourceTemplateResolverCustomizer> (0x00000000d9c64838) thrown at [C:\re\workspace\8-2-build-windows-amd64-cygwin\jdk8u121\8372\hotspot\src\share\vm\classfile\s
Event: 5.137 Thread 0x0000000002e5e800 Exception <a 'java/lang/ClassNotFoundException': org/springframework/context/ApplicationContextAwareCustomizer> (0x00000000d9cca948) thrown at [C:\re\workspace\8-2-build-windows-amd64-cygwin\jdk8u121\8372\hotspot\src\share\vm\classfile\systemDictionary.cp
Event: 5.137 Thread 0x0000000002e5e800 Exception <a 'java/lang/ClassNotFoundException': org/springframework/beans/factory/AwareCustomizer> (0x00000000d9ce48b0) thrown at [C:\re\workspace\8-2-build-windows-amd64-cygwin\jdk8u121\8372\hotspot\src\share\vm\classfile\systemDictionary.cpp, line 210]
Event: 5.138 Thread 0x0000000002e5e800 Exception <a 'java/lang/ClassNotFoundException': org/thymeleaf/templateresolver/ITemplateResolverCustomizer> (0x00000000d9cffb18) thrown at [C:\re\workspace\8-2-build-windows-amd64-cygwin\jdk8u121\8372\hotspot\src\share\vm\classfile\systemDictionary.cpp, 
Event: 5.139 Thread 0x0000000002e5e800 Exception <a 'java/lang/ClassNotFoundException': java/lang/ObjectCustomizer> (0x00000000d9d35350) thrown at [C:\re\workspace\8-2-build-windows-amd64-cygwin\jdk8u121\8372\hotspot\src\share\vm\classfile\systemDictionary.cpp, line 210]
Event: 5.140 Thread 0x0000000002e5e800 Exception <a 'java/lang/ClassNotFoundException': org/springframework/boot/autoconfigure/thymeleaf/ThymeleafAutoConfiguration$ThymeleafDefaultConfigurationCustomizer> (0x00000000d9d65ae0) thrown at [C:\re\workspace\8-2-build-windows-amd64-cygwin\jdk8u121\8
Event: 5.141 Thread 0x0000000002e5e800 Exception <a 'java/lang/ClassNotFoundException': org/springframework/boot/autoconfigure/thymeleaf/ThymeleafAutoConfiguration$ThymeleafDefaultConfiguration$$EnhancerBySpringCGLIB$$c7d8cf84Customizer> (0x00000000d9d9ea80) thrown at [C:\re\workspace\8-2-buil
Event: 5.142 Thread 0x0000000002e5e800 Exception <a 'java/lang/ClassNotFoundException': org/springframework/context/annotation/ConfigurationClassEnhancer$EnhancedConfigurationCustomizer> (0x00000000d9dccca0) thrown at [C:\re\workspace\8-2-build-windows-amd64-cygwin\jdk8u121\8372\hotspot\src\sh
Event: 5.142 Thread 0x0000000002e5e800 Exception <a 'java/lang/ClassNotFoundException': org/springframework/beans/factory/BeanFactoryAwareCustomizer> (0x00000000d9de89f0) thrown at [C:\re\workspace\8-2-build-windows-amd64-cygwin\jdk8u121\8372\hotspot\src\share\vm\classfile\systemDictionary.cpp
Event: 5.143 Thread 0x0000000002e5e800 Exception <a 'java/lang/ClassNotFoundException': org/springframework/beans/factory/AwareCustomizer> (0x00000000d9e021d0) thrown at [C:\re\workspace\8-2-build-windows-amd64-cygwin\jdk8u121\8372\hotspot\src\share\vm\classfile\systemDictionary.cpp, line 210]

Events (10 events):
Event: 5.159 loading class org/thymeleaf/cache/AbstractCacheManager
Event: 5.159 loading class org/thymeleaf/cache/AbstractCacheManager done
Event: 5.160 loading class org/thymeleaf/cache/ICacheEntryValidityChecker
Event: 5.160 loading class org/thymeleaf/cache/ICacheEntryValidityChecker done
Event: 5.160 loading class org/thymeleaf/cache/ICache
Event: 5.160 loading class org/thymeleaf/cache/ICache done
Event: 5.160 loading class org/thymeleaf/cache/StandardParsedTemplateEntryValidator
Event: 5.160 loading class org/thymeleaf/cache/StandardParsedTemplateEntryValidator done
Event: 5.161 loading class org/thymeleaf/context/StandardEngineContextFactory
Event: 5.161 loading class org/thymeleaf/context/StandardEngineContextFactory done


Dynamic libraries:
0x00007ff78f3d0000 - 0x00007ff78f407000 	D:\Program Files\Java\jdk1.8.0_121\jre\bin\java.exe
0x00007ffa780b0000 - 0x00007ffa782a5000 	C:\WINDOWS\SYSTEM32\ntdll.dll
0x00007ffa770a0000 - 0x00007ffa7715e000 	C:\WINDOWS\System32\KERNEL32.DLL
0x00007ffa75a00000 - 0x00007ffa75cc8000 	C:\WINDOWS\System32\KERNELBASE.dll
0x00007ffa76e10000 - 0x00007ffa76ebe000 	C:\WINDOWS\System32\ADVAPI32.dll
0x00007ffa77be0000 - 0x00007ffa77c7e000 	C:\WINDOWS\System32\msvcrt.dll
0x00007ffa76d70000 - 0x00007ffa76e0c000 	C:\WINDOWS\System32\sechost.dll
0x00007ffa77ab0000 - 0x00007ffa77bd5000 	C:\WINDOWS\System32\RPCRT4.dll
0x00007ffa76500000 - 0x00007ffa766a0000 	C:\WINDOWS\System32\USER32.dll
0x00007ffa75d80000 - 0x00007ffa75da2000 	C:\WINDOWS\System32\win32u.dll
0x00007ffa78040000 - 0x00007ffa7806b000 	C:\WINDOWS\System32\GDI32.dll
0x00007ffa75fb0000 - 0x00007ffa760bb000 	C:\WINDOWS\System32\gdi32full.dll
0x00007ffa75800000 - 0x00007ffa7589d000 	C:\WINDOWS\System32\msvcp_win.dll
0x00007ffa75db0000 - 0x00007ffa75eb0000 	C:\WINDOWS\System32\ucrtbase.dll
0x00007ffa62d80000 - 0x00007ffa6301a000 	C:\WINDOWS\WinSxS\amd64_microsoft.windows.common-controls_6595b64144ccf1df_6.0.19041.1110_none_60b5254171f9507e\COMCTL32.dll
0x00007ffa76fc0000 - 0x00007ffa76ff0000 	C:\WINDOWS\System32\IMM32.DLL
0x0000000058c10000 - 0x0000000058c1c000 	D:\Program Files (x86)\360\360Safe511731468\360Safe\safemon\SafeWrapper.dll
0x00007ffa602b0000 - 0x00007ffa60341000 	D:\Program Files (x86)\360\360Safe511731468\360Safe\safemon\libzdtp64.dll
0x00007ffa761c0000 - 0x00007ffa76215000 	C:\WINDOWS\System32\SHLWAPI.dll
0x00007ffa75350000 - 0x00007ffa7535a000 	C:\WINDOWS\SYSTEM32\VERSION.dll
0x0000000057ae0000 - 0x0000000057bb2000 	D:\Program Files\Java\jdk1.8.0_121\jre\bin\msvcr100.dll
0x0000000054730000 - 0x0000000054fcb000 	D:\Program Files\Java\jdk1.8.0_121\jre\bin\server\jvm.dll
0x00007ffa76780000 - 0x00007ffa76788000 	C:\WINDOWS\System32\PSAPI.DLL
0x00007ffa6a540000 - 0x00007ffa6a567000 	C:\WINDOWS\SYSTEM32\WINMM.dll
0x00007ffa57910000 - 0x00007ffa57919000 	C:\WINDOWS\SYSTEM32\WSOCK32.dll
0x00007ffa76ed0000 - 0x00007ffa76f3b000 	C:\WINDOWS\System32\WS2_32.dll
0x0000000057ad0000 - 0x0000000057adf000 	D:\Program Files\Java\jdk1.8.0_121\jre\bin\verify.dll
0x0000000057aa0000 - 0x0000000057ac9000 	D:\Program Files\Java\jdk1.8.0_121\jre\bin\java.dll
0x0000000057a80000 - 0x0000000057a96000 	D:\Program Files\Java\jdk1.8.0_121\jre\bin\zip.dll
0x00007ffa77160000 - 0x00007ffa778a4000 	C:\WINDOWS\System32\SHELL32.dll
0x00007ffa73870000 - 0x00007ffa74004000 	C:\WINDOWS\SYSTEM32\windows.storage.dll
0x00007ffa77c80000 - 0x00007ffa77fd4000 	C:\WINDOWS\System32\combase.dll
0x00007ffa751c0000 - 0x00007ffa751ec000 	C:\WINDOWS\SYSTEM32\Wldp.dll
0x00007ffa76110000 - 0x00007ffa761bd000 	C:\WINDOWS\System32\SHCORE.dll
0x00007ffa75710000 - 0x00007ffa7572f000 	C:\WINDOWS\SYSTEM32\profapi.dll
0x00000000576e0000 - 0x00000000576ed000 	D:\Program Files\Java\jdk1.8.0_121\jre\bin\management.dll
0x0000000057a60000 - 0x0000000057a7a000 	D:\Program Files\Java\jdk1.8.0_121\jre\bin\net.dll
0x00007ffa74f20000 - 0x00007ffa74f8a000 	C:\WINDOWS\system32\mswsock.dll
0x0000000057a40000 - 0x0000000057a51000 	D:\Program Files\Java\jdk1.8.0_121\jre\bin\nio.dll
0x00007ffa57580000 - 0x00007ffa57597000 	C:\WINDOWS\system32\napinsp.dll
0x00007ffa57560000 - 0x00007ffa5757b000 	C:\WINDOWS\system32\pnrpnsp.dll
0x00007ffa70360000 - 0x00007ffa70375000 	C:\WINDOWS\system32\wshbth.dll
0x00007ffa71140000 - 0x00007ffa7115d000 	C:\WINDOWS\system32\NLAapi.dll
0x00007ffa74bc0000 - 0x00007ffa74bfb000 	C:\WINDOWS\SYSTEM32\IPHLPAPI.DLL
0x00007ffa74c10000 - 0x00007ffa74cda000 	C:\WINDOWS\SYSTEM32\DNSAPI.dll
0x00007ffa76ec0000 - 0x00007ffa76ec8000 	C:\WINDOWS\System32\NSI.dll
0x00007ffa57540000 - 0x00007ffa57552000 	C:\WINDOWS\System32\winrnr.dll
0x00007ffa6c230000 - 0x00007ffa6c23a000 	C:\Windows\System32\rasadhlp.dll
0x00007ffa651b0000 - 0x00007ffa6522f000 	C:\WINDOWS\System32\fwpuclnt.dll
0x00007ffa757d0000 - 0x00007ffa757f7000 	C:\WINDOWS\System32\bcrypt.dll

VM Arguments:
java_command: C:\Users\HONOR\AppData\Local\Temp\surefire1710644851143798600\surefirebooter4763011572136645475.jar C:\Users\HONOR\AppData\Local\Temp\surefire1710644851143798600 2022-03-18T14-24-29_741-jvmRun1 surefire6022071898454440109tmp surefire_07285783939807300335tmp
java_class_path (initial): C:\Users\HONOR\AppData\Local\Temp\surefire1710644851143798600\surefirebooter4763011572136645475.jar
Launcher Type: SUN_STANDARD

Environment Variables:
JAVA_HOME=D:\Java\jdk1.8.0_121
PATH=D:\Program Files (x86)\NetSarang\Xlpd 6\;D:\Program Files (x86)\NetSarang\Xshell 6\;D:\Program Files (x86)\NetSarang\Xmanager 6\;D:\Java\jdk1.8.0_121\bin;D:\Java\jdk1.8.0_121\jre\bin;D:\oracle\product\10.2.0\db_1\bin;C:\ProgramData\Oracle\Java\javapath;C:\Program Files (x86)\Common Files\Oracle\Java\javapath;C:\Windows\system32;C:\Windows;C:\Windows\System32\Wbem;C:\Windows\System32\WindowsPowerShell\v1.0\;C:\Windows\System32\OpenSSH\;C:\Program Files\Intel\WiFi\bin\;C:\Program Files\Common Files\Intel\WirelessCommon\;C:\Program Files (x86)\NVIDIA Corporation\PhysX\Common;C:\Program Files\NVIDIA Corporation\NVIDIA NvDLISR;D:\mysql-5.7.20-winx64\bin;D:\Program Files\MATLAB\R2019b\bin;D:\apache-maven-3.5.2\bin;D:\Program Files\Git\cmd;D:\Program Files\nodejs\;C:\WINDOWS\system32;C:\WINDOWS;C:\WINDOWS\System32\Wbem;C:\WINDOWS\System32\WindowsPowerShell\v1.0\;C:\WINDOWS\System32\OpenSSH\;C:\Users\HONOR\AppData\Roaming\npm;D:\Cadence\SPB_16.5\tools\pcb\bin;D:\Cadence\SPB_16.5\tools\bin;D:\Cadence\SPB_16.5\tools\libutil\bin;D:\Cadence\SPB_16.5\tools\fet\bin;D:\Cadence\SPB_16.5\tools\specctra\bin;D:\Cadence\SPB_16.5\tools\PSpice;D:\Cadence\SPB_16.5\tools\PSpice\Library;D:\Cadence\SPB_16.5\tools\Capture;D:\Cadence\SPB_16.5\OpenAccess\bin\win32\opt;D:\Program Files (x86)\Altium Designer Winter 09\System;D:\hugo_0.83.1_Windows-64bit\;D:\redis-2.8.9\;D:\Program Files\JetBrains\CLion 2019.3.4\bin\cmake\win\bin\;D:\hadoop-2.8.3\bin\;D:\Program Files (x86)\NetSarang\Xftp 7\;D:\Python\Scripts\;D:\Python\;C:\Users\HONOR\AppData\Local\Microsoft\WindowsApps;C:\Users\HONOR\AppData\Roaming\npm;D:\Users\HONOR\AppData\Local\Programs\Microsoft VS Code\bin;C:\MinGW\bin;D:\modeltech64_10.4\win64;C:\Users\HONOR\AppData\Local\Microsoft\WindowsApps;C:\Users\HONOR\AppData\Local\Pandoc\;D:\Users\HONOR\AppData\Local\Programs\Hyper\resources\bin;
USERNAME=HONOR
OS=Windows_NT
PROCESSOR_IDENTIFIER=Intel64 Family 6 Model 142 Stepping 12, GenuineIntel



---------------  S Y S T E M  ---------------

OS: Windows 10.0 , 64 bit Build 19041 (10.0.19041.1566)

CPU:total 8 (4 cores per cpu, 2 threads per core) family 6 model 142 stepping 12, cmov, cx8, fxsr, mmx, sse, sse2, sse3, ssse3, sse4.1, sse4.2, popcnt, avx, avx2, aes, clmul, erms, 3dnowpref, lzcnt, ht, tsc, tscinvbit, bmi1, bmi2, adx

Memory: 4k page, physical 8230644k(470888k free), swap 18716400k(8620k free)

vm_info: Java HotSpot(TM) 64-Bit Server VM (25.121-b13) for windows-amd64 JRE (1.8.0_121-b13), built on Dec 12 2016 18:21:36 by "java_re" with MS VC++ 10.0 (VS2010)

time: Fri Mar 18 14:24:35 2022
elapsed time: 5 seconds (0d 0h 0m 5s)

